This is pdfTeX, Version 3.141592653-2.6-1.40.24 (MiKTeX 22.7) (preloaded format=pdflatex 2022.8.2)  3 AUG 2022 12:29
entering extended mode
 restricted \write18 enabled.
 %&-line parsing enabled.
**"./Connected Stocks - Draft - English.tex"
(Connected Stocks - Draft - English.tex
LaTeX2e <2022-06-01> patch level 5
L3 programming layer <2022-07-04>
(C:\Users\Morteza\AppData\Local\Programs\MiKTeX\tex/latex/base\article.cls
Document Class: article 2021/10/04 v1.4n Standard LaTeX document class
(C:\Users\Morteza\AppData\Local\Programs\MiKTeX\tex/latex/base\size12.clo
File: size12.clo 2021/10/04 v1.4n Standard LaTeX file (size option)
)
\c@part=\count185
\c@section=\count186
\c@subsection=\count187
\c@subsubsection=\count188
\c@paragraph=\count189
\c@subparagraph=\count190
\c@figure=\count191
\c@table=\count192
\abovecaptionskip=\skip47
\belowcaptionskip=\skip48
\bibindent=\dimen138
)
(C:\Users\Morteza\AppData\Local\Programs\MiKTeX\tex/latex/amsmath\amsmath.sty
Package: amsmath 2022/04/08 v2.17n AMS math features
\@mathmargin=\skip49

For additional information on amsmath, use the `?' option.
(C:\Users\Morteza\AppData\Local\Programs\MiKTeX\tex/latex/amsmath\amstext.sty
Package: amstext 2021/08/26 v2.01 AMS text

(C:\Users\Morteza\AppData\Local\Programs\MiKTeX\tex/latex/amsmath\amsgen.sty
File: amsgen.sty 1999/11/30 v2.0 generic functions
\@emptytoks=\toks16
\ex@=\dimen139
))
(C:\Users\Morteza\AppData\Local\Programs\MiKTeX\tex/latex/amsmath\amsbsy.sty
Package: amsbsy 1999/11/29 v1.2d Bold Symbols
\pmbraise@=\dimen140
)
(C:\Users\Morteza\AppData\Local\Programs\MiKTeX\tex/latex/amsmath\amsopn.sty
Package: amsopn 2022/04/08 v2.04 operator names
)
\inf@bad=\count193
LaTeX Info: Redefining \frac on input line 234.
\uproot@=\count194
\leftroot@=\count195
LaTeX Info: Redefining \overline on input line 399.
LaTeX Info: Redefining \colon on input line 410.
\classnum@=\count196
\DOTSCASE@=\count197
LaTeX Info: Redefining \ldots on input line 496.
LaTeX Info: Redefining \dots on input line 499.
LaTeX Info: Redefining \cdots on input line 620.
\Mathstrutbox@=\box51
\strutbox@=\box52
LaTeX Info: Redefining \big on input line 722.
LaTeX Info: Redefining \Big on input line 723.
LaTeX Info: Redefining \bigg on input line 724.
LaTeX Info: Redefining \Bigg on input line 725.
\big@size=\dimen141
LaTeX Font Info:    Redeclaring font encoding OML on input line 743.
LaTeX Font Info:    Redeclaring font encoding OMS on input line 744.
\macc@depth=\count198
LaTeX Info: Redefining \bmod on input line 905.
LaTeX Info: Redefining \pmod on input line 910.
LaTeX Info: Redefining \smash on input line 940.
LaTeX Info: Redefining \relbar on input line 970.
LaTeX Info: Redefining \Relbar on input line 971.
\c@MaxMatrixCols=\count199
\dotsspace@=\muskip16
\c@parentequation=\count266
\dspbrk@lvl=\count267
\tag@help=\toks17
\row@=\count268
\column@=\count269
\maxfields@=\count270
\andhelp@=\toks18
\eqnshift@=\dimen142
\alignsep@=\dimen143
\tagshift@=\dimen144
\tagwidth@=\dimen145
\totwidth@=\dimen146
\lineht@=\dimen147
\@envbody=\toks19
\multlinegap=\skip50
\multlinetaggap=\skip51
\mathdisplay@stack=\toks20
LaTeX Info: Redefining \[ on input line 2953.
LaTeX Info: Redefining \] on input line 2954.
)
(C:\Users\Morteza\AppData\Local\Programs\MiKTeX\tex/latex/caption\caption.sty
Package: caption 2022/03/01 v3.6b Customizing captions (AR)

(C:\Users\Morteza\AppData\Local\Programs\MiKTeX\tex/latex/caption\caption3.sty
Package: caption3 2022/03/17 v2.3b caption3 kernel (AR)

(C:\Users\Morteza\AppData\Local\Programs\MiKTeX\tex/latex/graphics\keyval.sty
Package: keyval 2022/05/29 v1.15 key=value parser (DPC)
\KV@toks@=\toks21
)
\caption@tempdima=\dimen148
\captionmargin=\dimen149
\caption@leftmargin=\dimen150
\caption@rightmargin=\dimen151
\caption@width=\dimen152
\caption@indent=\dimen153
\caption@parindent=\dimen154
\caption@hangindent=\dimen155
Package caption Info: Standard document class detected.
)
\c@caption@flags=\count271
\c@continuedfloat=\count272
)
(C:\Users\Morteza\AppData\Local\Programs\MiKTeX\tex/latex/pgf/frontendlayer\tik
z.sty
(C:\Users\Morteza\AppData\Local\Programs\MiKTeX\tex/latex/pgf/basiclayer\pgf.st
y
(C:\Users\Morteza\AppData\Local\Programs\MiKTeX\tex/latex/pgf/utilities\pgfrcs.
sty
(C:\Users\Morteza\AppData\Local\Programs\MiKTeX\tex/generic/pgf/utilities\pgfut
il-common.tex
\pgfutil@everybye=\toks22
\pgfutil@tempdima=\dimen156
\pgfutil@tempdimb=\dimen157

(C:\Users\Morteza\AppData\Local\Programs\MiKTeX\tex/generic/pgf/utilities\pgfut
il-common-lists.tex))
(C:\Users\Morteza\AppData\Local\Programs\MiKTeX\tex/generic/pgf/utilities\pgfut
il-latex.def
\pgfutil@abb=\box53
)
(C:\Users\Morteza\AppData\Local\Programs\MiKTeX\tex/generic/pgf/utilities\pgfrc
s.code.tex
(C:\Users\Morteza\AppData\Local\Programs\MiKTeX\tex/generic/pgf\pgf.revision.te
x)
Package: pgfrcs 2021/05/15 v3.1.9a (3.1.9a)
))
Package: pgf 2021/05/15 v3.1.9a (3.1.9a)

(C:\Users\Morteza\AppData\Local\Programs\MiKTeX\tex/latex/pgf/basiclayer\pgfcor
e.sty
(C:\Users\Morteza\AppData\Local\Programs\MiKTeX\tex/latex/graphics\graphicx.sty
Package: graphicx 2021/09/16 v1.2d Enhanced LaTeX Graphics (DPC,SPQR)

(C:\Users\Morteza\AppData\Local\Programs\MiKTeX\tex/latex/graphics\graphics.sty
Package: graphics 2022/03/10 v1.4e Standard LaTeX Graphics (DPC,SPQR)
(C:\Users\Morteza\AppData\Local\Programs\MiKTeX\tex/latex/graphics\trig.sty
Package: trig 2021/08/11 v1.11 sin cos tan (DPC)
)
(C:\Users\Morteza\AppData\Local\Programs\MiKTeX\tex/latex/graphics-cfg\graphics
.cfg
File: graphics.cfg 2016/06/04 v1.11 sample graphics configuration
)
Package graphics Info: Driver file: pdftex.def on input line 107.

(C:\Users\Morteza\AppData\Local\Programs\MiKTeX\tex/latex/graphics-def\pdftex.d
ef
File: pdftex.def 2020/10/05 v1.2a Graphics/color driver for pdftex
))
\Gin@req@height=\dimen158
\Gin@req@width=\dimen159
)
(C:\Users\Morteza\AppData\Local\Programs\MiKTeX\tex/latex/pgf/systemlayer\pgfsy
s.sty
(C:\Users\Morteza\AppData\Local\Programs\MiKTeX\tex/generic/pgf/systemlayer\pgf
sys.code.tex
Package: pgfsys 2021/05/15 v3.1.9a (3.1.9a)

(C:\Users\Morteza\AppData\Local\Programs\MiKTeX\tex/generic/pgf/utilities\pgfke
ys.code.tex
\pgfkeys@pathtoks=\toks23
\pgfkeys@temptoks=\toks24

(C:\Users\Morteza\AppData\Local\Programs\MiKTeX\tex/generic/pgf/utilities\pgfke
ysfiltered.code.tex
\pgfkeys@tmptoks=\toks25
))
\pgf@x=\dimen160
\pgf@y=\dimen161
\pgf@xa=\dimen162
\pgf@ya=\dimen163
\pgf@xb=\dimen164
\pgf@yb=\dimen165
\pgf@xc=\dimen166
\pgf@yc=\dimen167
\pgf@xd=\dimen168
\pgf@yd=\dimen169
\w@pgf@writea=\write3
\r@pgf@reada=\read2
\c@pgf@counta=\count273
\c@pgf@countb=\count274
\c@pgf@countc=\count275
\c@pgf@countd=\count276
\t@pgf@toka=\toks26
\t@pgf@tokb=\toks27
\t@pgf@tokc=\toks28
\pgf@sys@id@count=\count277

(C:\Users\Morteza\AppData\Local\Programs\MiKTeX\tex/generic/pgf/systemlayer\pgf
.cfg
File: pgf.cfg 2021/05/15 v3.1.9a (3.1.9a)
)
Driver file for pgf: pgfsys-pdftex.def

(C:\Users\Morteza\AppData\Local\Programs\MiKTeX\tex/generic/pgf/systemlayer\pgf
sys-pdftex.def
File: pgfsys-pdftex.def 2021/05/15 v3.1.9a (3.1.9a)

(C:\Users\Morteza\AppData\Local\Programs\MiKTeX\tex/generic/pgf/systemlayer\pgf
sys-common-pdf.def
File: pgfsys-common-pdf.def 2021/05/15 v3.1.9a (3.1.9a)
)))
(C:\Users\Morteza\AppData\Local\Programs\MiKTeX\tex/generic/pgf/systemlayer\pgf
syssoftpath.code.tex
File: pgfsyssoftpath.code.tex 2021/05/15 v3.1.9a (3.1.9a)
\pgfsyssoftpath@smallbuffer@items=\count278
\pgfsyssoftpath@bigbuffer@items=\count279
)
(C:\Users\Morteza\AppData\Local\Programs\MiKTeX\tex/generic/pgf/systemlayer\pgf
sysprotocol.code.tex
File: pgfsysprotocol.code.tex 2021/05/15 v3.1.9a (3.1.9a)
))
(C:\Users\Morteza\AppData\Local\Programs\MiKTeX\tex/latex/xcolor\xcolor.sty
Package: xcolor 2022/06/12 v2.14 LaTeX color extensions (UK)

(C:\Users\Morteza\AppData\Local\Programs\MiKTeX\tex/latex/graphics-cfg\color.cf
g
File: color.cfg 2016/01/02 v1.6 sample color configuration
)
Package xcolor Info: Driver file: pdftex.def on input line 227.

(C:\Users\Morteza\AppData\Local\Programs\MiKTeX\tex/latex-dev/graphics\mathcolo
r.ltx)
Package xcolor Info: Model `cmy' substituted by `cmy0' on input line 1353.
Package xcolor Info: Model `hsb' substituted by `rgb' on input line 1357.
Package xcolor Info: Model `RGB' extended on input line 1369.
Package xcolor Info: Model `HTML' substituted by `rgb' on input line 1371.
Package xcolor Info: Model `Hsb' substituted by `hsb' on input line 1372.
Package xcolor Info: Model `tHsb' substituted by `hsb' on input line 1373.
Package xcolor Info: Model `HSB' substituted by `hsb' on input line 1374.
Package xcolor Info: Model `Gray' substituted by `gray' on input line 1375.
Package xcolor Info: Model `wave' substituted by `hsb' on input line 1376.
)
(C:\Users\Morteza\AppData\Local\Programs\MiKTeX\tex/generic/pgf/basiclayer\pgfc
ore.code.tex
Package: pgfcore 2021/05/15 v3.1.9a (3.1.9a)

(C:\Users\Morteza\AppData\Local\Programs\MiKTeX\tex/generic/pgf/math\pgfmath.co
de.tex
(C:\Users\Morteza\AppData\Local\Programs\MiKTeX\tex/generic/pgf/math\pgfmathcal
c.code.tex
(C:\Users\Morteza\AppData\Local\Programs\MiKTeX\tex/generic/pgf/math\pgfmathuti
l.code.tex)
(C:\Users\Morteza\AppData\Local\Programs\MiKTeX\tex/generic/pgf/math\pgfmathpar
ser.code.tex
\pgfmath@dimen=\dimen170
\pgfmath@count=\count280
\pgfmath@box=\box54
\pgfmath@toks=\toks29
\pgfmath@stack@operand=\toks30
\pgfmath@stack@operation=\toks31
)
(C:\Users\Morteza\AppData\Local\Programs\MiKTeX\tex/generic/pgf/math\pgfmathfun
ctions.code.tex
(C:\Users\Morteza\AppData\Local\Programs\MiKTeX\tex/generic/pgf/math\pgfmathfun
ctions.basic.code.tex)
(C:\Users\Morteza\AppData\Local\Programs\MiKTeX\tex/generic/pgf/math\pgfmathfun
ctions.trigonometric.code.tex)
(C:\Users\Morteza\AppData\Local\Programs\MiKTeX\tex/generic/pgf/math\pgfmathfun
ctions.random.code.tex)
(C:\Users\Morteza\AppData\Local\Programs\MiKTeX\tex/generic/pgf/math\pgfmathfun
ctions.comparison.code.tex)
(C:\Users\Morteza\AppData\Local\Programs\MiKTeX\tex/generic/pgf/math\pgfmathfun
ctions.base.code.tex)
(C:\Users\Morteza\AppData\Local\Programs\MiKTeX\tex/generic/pgf/math\pgfmathfun
ctions.round.code.tex)
(C:\Users\Morteza\AppData\Local\Programs\MiKTeX\tex/generic/pgf/math\pgfmathfun
ctions.misc.code.tex)
(C:\Users\Morteza\AppData\Local\Programs\MiKTeX\tex/generic/pgf/math\pgfmathfun
ctions.integerarithmetics.code.tex)))
(C:\Users\Morteza\AppData\Local\Programs\MiKTeX\tex/generic/pgf/math\pgfmathflo
at.code.tex
\c@pgfmathroundto@lastzeros=\count281
))
(C:\Users\Morteza\AppData\Local\Programs\MiKTeX\tex/generic/pgf/math\pgfint.cod
e.tex)
(C:\Users\Morteza\AppData\Local\Programs\MiKTeX\tex/generic/pgf/basiclayer\pgfc
orepoints.code.tex
File: pgfcorepoints.code.tex 2021/05/15 v3.1.9a (3.1.9a)
\pgf@picminx=\dimen171
\pgf@picmaxx=\dimen172
\pgf@picminy=\dimen173
\pgf@picmaxy=\dimen174
\pgf@pathminx=\dimen175
\pgf@pathmaxx=\dimen176
\pgf@pathminy=\dimen177
\pgf@pathmaxy=\dimen178
\pgf@xx=\dimen179
\pgf@xy=\dimen180
\pgf@yx=\dimen181
\pgf@yy=\dimen182
\pgf@zx=\dimen183
\pgf@zy=\dimen184
)
(C:\Users\Morteza\AppData\Local\Programs\MiKTeX\tex/generic/pgf/basiclayer\pgfc
orepathconstruct.code.tex
File: pgfcorepathconstruct.code.tex 2021/05/15 v3.1.9a (3.1.9a)
\pgf@path@lastx=\dimen185
\pgf@path@lasty=\dimen186
)
(C:\Users\Morteza\AppData\Local\Programs\MiKTeX\tex/generic/pgf/basiclayer\pgfc
orepathusage.code.tex
File: pgfcorepathusage.code.tex 2021/05/15 v3.1.9a (3.1.9a)
\pgf@shorten@end@additional=\dimen187
\pgf@shorten@start@additional=\dimen188
)
(C:\Users\Morteza\AppData\Local\Programs\MiKTeX\tex/generic/pgf/basiclayer\pgfc
orescopes.code.tex
File: pgfcorescopes.code.tex 2021/05/15 v3.1.9a (3.1.9a)
\pgfpic=\box55
\pgf@hbox=\box56
\pgf@layerbox@main=\box57
\pgf@picture@serial@count=\count282
)
(C:\Users\Morteza\AppData\Local\Programs\MiKTeX\tex/generic/pgf/basiclayer\pgfc
oregraphicstate.code.tex
File: pgfcoregraphicstate.code.tex 2021/05/15 v3.1.9a (3.1.9a)
\pgflinewidth=\dimen189
)
(C:\Users\Morteza\AppData\Local\Programs\MiKTeX\tex/generic/pgf/basiclayer\pgfc
oretransformations.code.tex
File: pgfcoretransformations.code.tex 2021/05/15 v3.1.9a (3.1.9a)
\pgf@pt@x=\dimen190
\pgf@pt@y=\dimen191
\pgf@pt@temp=\dimen192
)
(C:\Users\Morteza\AppData\Local\Programs\MiKTeX\tex/generic/pgf/basiclayer\pgfc
orequick.code.tex
File: pgfcorequick.code.tex 2021/05/15 v3.1.9a (3.1.9a)
)
(C:\Users\Morteza\AppData\Local\Programs\MiKTeX\tex/generic/pgf/basiclayer\pgfc
oreobjects.code.tex
File: pgfcoreobjects.code.tex 2021/05/15 v3.1.9a (3.1.9a)
)
(C:\Users\Morteza\AppData\Local\Programs\MiKTeX\tex/generic/pgf/basiclayer\pgfc
orepathprocessing.code.tex
File: pgfcorepathprocessing.code.tex 2021/05/15 v3.1.9a (3.1.9a)
)
(C:\Users\Morteza\AppData\Local\Programs\MiKTeX\tex/generic/pgf/basiclayer\pgfc
orearrows.code.tex
File: pgfcorearrows.code.tex 2021/05/15 v3.1.9a (3.1.9a)
\pgfarrowsep=\dimen193
)
(C:\Users\Morteza\AppData\Local\Programs\MiKTeX\tex/generic/pgf/basiclayer\pgfc
oreshade.code.tex
File: pgfcoreshade.code.tex 2021/05/15 v3.1.9a (3.1.9a)
\pgf@max=\dimen194
\pgf@sys@shading@range@num=\count283
\pgf@shadingcount=\count284
)
(C:\Users\Morteza\AppData\Local\Programs\MiKTeX\tex/generic/pgf/basiclayer\pgfc
oreimage.code.tex
File: pgfcoreimage.code.tex 2021/05/15 v3.1.9a (3.1.9a)

(C:\Users\Morteza\AppData\Local\Programs\MiKTeX\tex/generic/pgf/basiclayer\pgfc
oreexternal.code.tex
File: pgfcoreexternal.code.tex 2021/05/15 v3.1.9a (3.1.9a)
\pgfexternal@startupbox=\box58
))
(C:\Users\Morteza\AppData\Local\Programs\MiKTeX\tex/generic/pgf/basiclayer\pgfc
orelayers.code.tex
File: pgfcorelayers.code.tex 2021/05/15 v3.1.9a (3.1.9a)
)
(C:\Users\Morteza\AppData\Local\Programs\MiKTeX\tex/generic/pgf/basiclayer\pgfc
oretransparency.code.tex
File: pgfcoretransparency.code.tex 2021/05/15 v3.1.9a (3.1.9a)
)
(C:\Users\Morteza\AppData\Local\Programs\MiKTeX\tex/generic/pgf/basiclayer\pgfc
orepatterns.code.tex
File: pgfcorepatterns.code.tex 2021/05/15 v3.1.9a (3.1.9a)
)
(C:\Users\Morteza\AppData\Local\Programs\MiKTeX\tex/generic/pgf/basiclayer\pgfc
orerdf.code.tex
File: pgfcorerdf.code.tex 2021/05/15 v3.1.9a (3.1.9a)
)))
(C:\Users\Morteza\AppData\Local\Programs\MiKTeX\tex/generic/pgf/modules\pgfmodu
leshapes.code.tex
File: pgfmoduleshapes.code.tex 2021/05/15 v3.1.9a (3.1.9a)
\pgfnodeparttextbox=\box59
)
(C:\Users\Morteza\AppData\Local\Programs\MiKTeX\tex/generic/pgf/modules\pgfmodu
leplot.code.tex
File: pgfmoduleplot.code.tex 2021/05/15 v3.1.9a (3.1.9a)
)
(C:\Users\Morteza\AppData\Local\Programs\MiKTeX\tex/latex/pgf/compatibility\pgf
comp-version-0-65.sty
Package: pgfcomp-version-0-65 2021/05/15 v3.1.9a (3.1.9a)
\pgf@nodesepstart=\dimen195
\pgf@nodesepend=\dimen196
)
(C:\Users\Morteza\AppData\Local\Programs\MiKTeX\tex/latex/pgf/compatibility\pgf
comp-version-1-18.sty
Package: pgfcomp-version-1-18 2021/05/15 v3.1.9a (3.1.9a)
))
(C:\Users\Morteza\AppData\Local\Programs\MiKTeX\tex/latex/pgf/utilities\pgffor.
sty
(C:\Users\Morteza\AppData\Local\Programs\MiKTeX\tex/latex/pgf/utilities\pgfkeys
.sty
(C:\Users\Morteza\AppData\Local\Programs\MiKTeX\tex/generic/pgf/utilities\pgfke
ys.code.tex))
(C:\Users\Morteza\AppData\Local\Programs\MiKTeX\tex/latex/pgf/math\pgfmath.sty
(C:\Users\Morteza\AppData\Local\Programs\MiKTeX\tex/generic/pgf/math\pgfmath.co
de.tex))
(C:\Users\Morteza\AppData\Local\Programs\MiKTeX\tex/generic/pgf/utilities\pgffo
r.code.tex
Package: pgffor 2021/05/15 v3.1.9a (3.1.9a)

(C:\Users\Morteza\AppData\Local\Programs\MiKTeX\tex/generic/pgf/math\pgfmath.co
de.tex)
\pgffor@iter=\dimen197
\pgffor@skip=\dimen198
\pgffor@stack=\toks32
\pgffor@toks=\toks33
))
(C:\Users\Morteza\AppData\Local\Programs\MiKTeX\tex/generic/pgf/frontendlayer/t
ikz\tikz.code.tex
Package: tikz 2021/05/15 v3.1.9a (3.1.9a)

(C:\Users\Morteza\AppData\Local\Programs\MiKTeX\tex/generic/pgf/libraries\pgfli
braryplothandlers.code.tex
File: pgflibraryplothandlers.code.tex 2021/05/15 v3.1.9a (3.1.9a)
\pgf@plot@mark@count=\count285
\pgfplotmarksize=\dimen199
)
\tikz@lastx=\dimen256
\tikz@lasty=\dimen257
\tikz@lastxsaved=\dimen258
\tikz@lastysaved=\dimen259
\tikz@lastmovetox=\dimen260
\tikz@lastmovetoy=\dimen261
\tikzleveldistance=\dimen262
\tikzsiblingdistance=\dimen263
\tikz@figbox=\box60
\tikz@figbox@bg=\box61
\tikz@tempbox=\box62
\tikz@tempbox@bg=\box63
\tikztreelevel=\count286
\tikznumberofchildren=\count287
\tikznumberofcurrentchild=\count288
\tikz@fig@count=\count289

(C:\Users\Morteza\AppData\Local\Programs\MiKTeX\tex/generic/pgf/modules\pgfmodu
lematrix.code.tex
File: pgfmodulematrix.code.tex 2021/05/15 v3.1.9a (3.1.9a)
\pgfmatrixcurrentrow=\count290
\pgfmatrixcurrentcolumn=\count291
\pgf@matrix@numberofcolumns=\count292
)
\tikz@expandcount=\count293

(C:\Users\Morteza\AppData\Local\Programs\MiKTeX\tex/generic/pgf/frontendlayer/t
ikz/libraries\tikzlibrarytopaths.code.tex
File: tikzlibrarytopaths.code.tex 2021/05/15 v3.1.9a (3.1.9a)
)))
(C:\Users\Morteza\AppData\Local\Programs\MiKTeX\tex/latex/booktabs\booktabs.sty
Package: booktabs 2020/01/12 v1.61803398 Publication quality tables
\heavyrulewidth=\dimen264
\lightrulewidth=\dimen265
\cmidrulewidth=\dimen266
\belowrulesep=\dimen267
\belowbottomsep=\dimen268
\aboverulesep=\dimen269
\abovetopsep=\dimen270
\cmidrulesep=\dimen271
\cmidrulekern=\dimen272
\defaultaddspace=\dimen273
\@cmidla=\count294
\@cmidlb=\count295
\@aboverulesep=\dimen274
\@belowrulesep=\dimen275
\@thisruleclass=\count296
\@lastruleclass=\count297
\@thisrulewidth=\dimen276
)
(C:\Users\Morteza\AppData\Local\Programs\MiKTeX\tex/latex/placeins\placeins.sty
Package: placeins 2005/04/18  v 2.2
)
(C:\Users\Morteza\AppData\Local\Programs\MiKTeX\tex/generic/pgf/frontendlayer/t
ikz/libraries\tikzlibraryarrows.code.tex
File: tikzlibraryarrows.code.tex 2021/05/15 v3.1.9a (3.1.9a)

(C:\Users\Morteza\AppData\Local\Programs\MiKTeX\tex/generic/pgf/libraries\pgfli
braryarrows.code.tex
File: pgflibraryarrows.code.tex 2021/05/15 v3.1.9a (3.1.9a)
\arrowsize=\dimen277
))
(C:\Users\Morteza\AppData\Local\Programs\MiKTeX\tex/latex/hyperref\hyperref.sty
Package: hyperref 2022-06-20 v7.00s Hypertext links for LaTeX

(C:\Users\Morteza\AppData\Local\Programs\MiKTeX\tex/generic/ltxcmds\ltxcmds.sty
Package: ltxcmds 2020-05-10 v1.25 LaTeX kernel commands for general use (HO)
) (C:\Users\Morteza\AppData\Local\Programs\MiKTeX\tex/generic/iftex\iftex.sty
Package: iftex 2022/02/03 v1.0f TeX engine tests
)
(C:\Users\Morteza\AppData\Local\Programs\MiKTeX\tex/generic/pdftexcmds\pdftexcm
ds.sty
Package: pdftexcmds 2020-06-27 v0.33 Utility functions of pdfTeX for LuaTeX (HO
)

(C:\Users\Morteza\AppData\Local\Programs\MiKTeX\tex/generic/infwarerr\infwarerr
.sty
Package: infwarerr 2019/12/03 v1.5 Providing info/warning/error messages (HO)
)
Package pdftexcmds Info: \pdf@primitive is available.
Package pdftexcmds Info: \pdf@ifprimitive is available.
Package pdftexcmds Info: \pdfdraftmode found.
)
(C:\Users\Morteza\AppData\Local\Programs\MiKTeX\tex/generic/kvsetkeys\kvsetkeys
.sty
Package: kvsetkeys 2019/12/15 v1.18 Key value parser (HO)
)
(C:\Users\Morteza\AppData\Local\Programs\MiKTeX\tex/generic/kvdefinekeys\kvdefi
nekeys.sty
Package: kvdefinekeys 2019-12-19 v1.6 Define keys (HO)
)
(C:\Users\Morteza\AppData\Local\Programs\MiKTeX\tex/generic/pdfescape\pdfescape
.sty
Package: pdfescape 2019/12/09 v1.15 Implements pdfTeX's escape features (HO)
)
(C:\Users\Morteza\AppData\Local\Programs\MiKTeX\tex/latex/hycolor\hycolor.sty
Package: hycolor 2020-01-27 v1.10 Color options for hyperref/bookmark (HO)
)
(C:\Users\Morteza\AppData\Local\Programs\MiKTeX\tex/latex/letltxmacro\letltxmac
ro.sty
Package: letltxmacro 2019/12/03 v1.6 Let assignment for LaTeX macros (HO)
)
(C:\Users\Morteza\AppData\Local\Programs\MiKTeX\tex/latex/auxhook\auxhook.sty
Package: auxhook 2019-12-17 v1.6 Hooks for auxiliary files (HO)
)
(C:\Users\Morteza\AppData\Local\Programs\MiKTeX\tex/latex/hyperref\nameref.sty
Package: nameref 2022-05-17 v2.50 Cross-referencing by name of section

(C:\Users\Morteza\AppData\Local\Programs\MiKTeX\tex/latex/refcount\refcount.sty
Package: refcount 2019/12/15 v3.6 Data extraction from label references (HO)
)
(C:\Users\Morteza\AppData\Local\Programs\MiKTeX\tex/generic/gettitlestring\gett
itlestring.sty
Package: gettitlestring 2019/12/15 v1.6 Cleanup title references (HO)

(C:\Users\Morteza\AppData\Local\Programs\MiKTeX\tex/latex/kvoptions\kvoptions.s
ty
Package: kvoptions 2022-06-15 v3.15 Key value format for package options (HO)
))
\c@section@level=\count298
)
\@linkdim=\dimen278
\Hy@linkcounter=\count299
\Hy@pagecounter=\count300

(C:\Users\Morteza\AppData\Local\Programs\MiKTeX\tex/latex/hyperref\pd1enc.def
File: pd1enc.def 2022-06-20 v7.00s Hyperref: PDFDocEncoding definition (HO)
Now handling font encoding PD1 ...
... no UTF-8 mapping file for font encoding PD1
)
(C:\Users\Morteza\AppData\Local\Programs\MiKTeX\tex/generic/intcalc\intcalc.sty
Package: intcalc 2019/12/15 v1.3 Expandable calculations with integers (HO)
)
(C:\Users\Morteza\AppData\Local\Programs\MiKTeX\tex/generic/etexcmds\etexcmds.s
ty
Package: etexcmds 2019/12/15 v1.7 Avoid name clashes with e-TeX commands (HO)
)
\Hy@SavedSpaceFactor=\count301

(C:\Users\Morteza\AppData\Local\Programs\MiKTeX\tex/latex/hyperref\puenc.def
File: puenc.def 2022-06-20 v7.00s Hyperref: PDF Unicode definition (HO)
Now handling font encoding PU ...
... no UTF-8 mapping file for font encoding PU
)
Package hyperref Info: Hyper figures OFF on input line 4162.
Package hyperref Info: Link nesting OFF on input line 4167.
Package hyperref Info: Hyper index ON on input line 4170.
Package hyperref Info: Plain pages OFF on input line 4177.
Package hyperref Info: Backreferencing OFF on input line 4182.
Package hyperref Info: Implicit mode ON; LaTeX internals redefined.
Package hyperref Info: Bookmarks ON on input line 4408.
\c@Hy@tempcnt=\count302

(C:\Users\Morteza\AppData\Local\Programs\MiKTeX\tex/latex/url\url.sty
\Urlmuskip=\muskip17
Package: url 2013/09/16  ver 3.4  Verb mode for urls, etc.
)
LaTeX Info: Redefining \url on input line 4746.
\XeTeXLinkMargin=\dimen279

(C:\Users\Morteza\AppData\Local\Programs\MiKTeX\tex/generic/bitset\bitset.sty
Package: bitset 2019/12/09 v1.3 Handle bit-vector datatype (HO)

(C:\Users\Morteza\AppData\Local\Programs\MiKTeX\tex/generic/bigintcalc\bigintca
lc.sty
Package: bigintcalc 2019/12/15 v1.5 Expandable calculations on big integers (HO
)
))
\Fld@menulength=\count303
\Field@Width=\dimen280
\Fld@charsize=\dimen281
Package hyperref Info: Hyper figures OFF on input line 6024.
Package hyperref Info: Link nesting OFF on input line 6029.
Package hyperref Info: Hyper index ON on input line 6032.
Package hyperref Info: backreferencing OFF on input line 6039.
Package hyperref Info: Link coloring OFF on input line 6044.
Package hyperref Info: Link coloring with OCG OFF on input line 6049.
Package hyperref Info: PDF/A mode OFF on input line 6054.

(C:\Users\Morteza\AppData\Local\Programs\MiKTeX\tex/latex/base\atbegshi-ltx.sty
Package: atbegshi-ltx 2021/01/10 v1.0c Emulation of the original atbegshi
package with kernel methods
)
\Hy@abspage=\count304
\c@Item=\count305
\c@Hfootnote=\count306
)
Package hyperref Info: Driver (autodetected): hpdftex.

(C:\Users\Morteza\AppData\Local\Programs\MiKTeX\tex/latex/hyperref\hpdftex.def
File: hpdftex.def 2022-06-20 v7.00s Hyperref driver for pdfTeX

(C:\Users\Morteza\AppData\Local\Programs\MiKTeX\tex/latex/base\atveryend-ltx.st
y
Package: atveryend-ltx 2020/08/19 v1.0a Emulation of the original atveryend pac
kage
with kernel methods
)
\Fld@listcount=\count307
\c@bookmark@seq@number=\count308

(C:\Users\Morteza\AppData\Local\Programs\MiKTeX\tex/latex/rerunfilecheck\rerunf
ilecheck.sty
Package: rerunfilecheck 2022-07-10 v1.10 Rerun checks for auxiliary files (HO)

(C:\Users\Morteza\AppData\Local\Programs\MiKTeX\tex/generic/uniquecounter\uniqu
ecounter.sty
Package: uniquecounter 2019/12/15 v1.4 Provide unlimited unique counter (HO)
)
Package uniquecounter Info: New unique counter `rerunfilecheck' on input line 2
85.
)
\Hy@SectionHShift=\skip52
)
(C:\Users\Morteza\AppData\Local\Programs\MiKTeX\tex/latex/multirow\multirow.sty
Package: multirow 2021/03/15 v2.8 Span multiple rows of a table
\multirow@colwidth=\skip53
\multirow@cntb=\count309
\multirow@dima=\skip54
\bigstrutjot=\dimen282
)
(C:\Users\Morteza\AppData\Local\Programs\MiKTeX\tex/latex/caption\subcaption.st
y
Package: subcaption 2022/01/07 v1.5 Sub-captions (AR)
\c@subfigure=\count310
\c@subtable=\count311
)
(C:\Users\Morteza\AppData\Local\Programs\MiKTeX\tex/latex/pdflscape\pdflscape.s
ty
Package: pdflscape 2019/12/05 v0.12 Display of landscape pages in PDF (HO)

(C:\Users\Morteza\AppData\Local\Programs\MiKTeX\tex/latex/graphics\lscape.sty
Package: lscape 2020/05/28 v3.02 Landscape Pages (DPC)
)
Package pdflscape Info: Auto-detected driver: pdftex on input line 81.
) (C:\Users\Morteza\AppData\Local\Programs\MiKTeX\tex/latex/tools\tabularx.sty
Package: tabularx 2020/01/15 v2.11c `tabularx' package (DPC)

(C:\Users\Morteza\AppData\Local\Programs\MiKTeX\tex/latex/tools\array.sty
Package: array 2021/10/04 v2.5f Tabular extension package (FMi)
\col@sep=\dimen283
\ar@mcellbox=\box64
\extrarowheight=\dimen284
\NC@list=\toks34
\extratabsurround=\skip55
\backup@length=\skip56
\ar@cellbox=\box65
)
\TX@col@width=\dimen285
\TX@old@table=\dimen286
\TX@old@col=\dimen287
\TX@target=\dimen288
\TX@delta=\dimen289
\TX@cols=\count312
\TX@ftn=\toks35
)
(C:\Users\Morteza\AppData\Local\Programs\MiKTeX\tex/latex/geometry\geometry.sty
Package: geometry 2020/01/02 v5.9 Page Geometry
(C:\Users\Morteza\AppData\Local\Programs\MiKTeX\tex/generic/iftex\ifvtex.sty
Package: ifvtex 2019/10/25 v1.7 ifvtex legacy package. Use iftex instead.
)
\Gm@cnth=\count313
\Gm@cntv=\count314
\c@Gm@tempcnt=\count315
\Gm@bindingoffset=\dimen290
\Gm@wd@mp=\dimen291
\Gm@odd@mp=\dimen292
\Gm@even@mp=\dimen293
\Gm@layoutwidth=\dimen294
\Gm@layoutheight=\dimen295
\Gm@layouthoffset=\dimen296
\Gm@layoutvoffset=\dimen297
\Gm@dimlist=\toks36

(C:\Users\Morteza\AppData\Local\Programs\MiKTeX\tex/latex/geometry\geometry.cfg
))
(C:\Users\Morteza\AppData\Local\Programs\MiKTeX\tex/latex/cleveref\cleveref.sty
Package: cleveref 2018/03/27 v0.21.4 Intelligent cross-referencing
Package cleveref Info: `hyperref' support loaded on input line 2370.
LaTeX Info: Redefining \cref on input line 2370.
LaTeX Info: Redefining \Cref on input line 2370.
LaTeX Info: Redefining \crefrange on input line 2370.
LaTeX Info: Redefining \Crefrange on input line 2370.
LaTeX Info: Redefining \cpageref on input line 2370.
LaTeX Info: Redefining \Cpageref on input line 2370.
LaTeX Info: Redefining \cpagerefrange on input line 2370.
LaTeX Info: Redefining \Cpagerefrange on input line 2370.
LaTeX Info: Redefining \labelcref on input line 2370.
LaTeX Info: Redefining \labelcpageref on input line 2370.
) (C:\Users\Morteza\AppData\Local\Programs\MiKTeX\tex/generic/soul\soul.sty
Package: soul 2003/11/17 v2.4 letterspacing/underlining (mf)
\SOUL@word=\toks37
\SOUL@lasttoken=\toks38
\SOUL@cmds=\toks39
\SOUL@buffer=\toks40
\SOUL@token=\toks41
\SOUL@spaceskip=\skip57
\SOUL@ttwidth=\dimen298
\SOUL@uldp=\dimen299
\SOUL@ulht=\dimen300
)
(C:\Users\Morteza\AppData\Local\Programs\MiKTeX\tex/latex/tools\longtable.sty
Package: longtable 2021-09-01 v4.17 Multi-page Table package (DPC)
\LTleft=\skip58
\LTright=\skip59
\LTpre=\skip60
\LTpost=\skip61
\LTchunksize=\count316
\LTcapwidth=\dimen301
\LT@head=\box66
\LT@firsthead=\box67
\LT@foot=\box68
\LT@lastfoot=\box69
\LT@gbox=\box70
\LT@cols=\count317
\LT@rows=\count318
\c@LT@tables=\count319
\c@LT@chunks=\count320
\LT@p@ftn=\toks42
)
(C:\Users\Morteza\AppData\Local\Programs\MiKTeX\tex/latex/graphics\rotating.sty
Package: rotating 2016/08/11 v2.16d rotated objects in LaTeX
(C:\Users\Morteza\AppData\Local\Programs\MiKTeX\tex/latex/base\ifthen.sty
Package: ifthen 2022/04/13 v1.1d Standard LaTeX ifthen package (DPC)
)
\c@r@tfl@t=\count321
\rotFPtop=\skip62
\rotFPbot=\skip63
\rot@float@box=\box71
\rot@mess@toks=\toks43
)
(C:\Users\Morteza\AppData\Local\Programs\MiKTeX\tex/latex/natbib\natbib.sty
Package: natbib 2010/09/13 8.31b (PWD, AO)
\bibhang=\skip64
\bibsep=\skip65
LaTeX Info: Redefining \cite on input line 694.
\c@NAT@ctr=\count322
)
(C:\Users\Morteza\AppData\Local\Programs\MiKTeX\tex/latex/ragged2e\ragged2e.sty
Package: ragged2e 2021/12/15 v3.1 ragged2e Package
\CenteringLeftskip=\skip66
\RaggedLeftLeftskip=\skip67
\RaggedRightLeftskip=\skip68
\CenteringRightskip=\skip69
\RaggedLeftRightskip=\skip70
\RaggedRightRightskip=\skip71
\CenteringParfillskip=\skip72
\RaggedLeftParfillskip=\skip73
\RaggedRightParfillskip=\skip74
\JustifyingParfillskip=\skip75
\CenteringParindent=\skip76
\RaggedLeftParindent=\skip77
\RaggedRightParindent=\skip78
\JustifyingParindent=\skip79
) (C:\Users\Morteza\AppData\Local\Programs\MiKTeX\tex/latex/lipsum\lipsum.sty
(C:\Users\Morteza\AppData\Local\Programs\MiKTeX\tex/latex/l3packages/l3keys2e\l
3keys2e.sty
(C:\Users\Morteza\AppData\Local\Programs\MiKTeX\tex/latex/l3kernel\expl3.sty
Package: expl3 2022-07-04 L3 programming layer (loader) 

(C:\Users\Morteza\AppData\Local\Programs\MiKTeX\tex/latex/l3backend\l3backend-p
dftex.def
File: l3backend-pdftex.def 2022-07-01 L3 backend support: PDF output (pdfTeX)
\l__color_backend_stack_int=\count323
\l__pdf_internal_box=\box72
))
Package: l3keys2e 2022-06-22 LaTeX2e option processing using LaTeX3 keys
)
Package: lipsum 2021-09-20 v2.7 150 paragraphs of Lorem Ipsum dummy text
\g__lipsum_par_int=\count324
\l__lipsum_a_int=\count325
\l__lipsum_b_int=\count326

(C:\Users\Morteza\AppData\Local\Programs\MiKTeX\tex/latex/lipsum\lipsum.ltd.tex
)) (C:\Users\Morteza\AppData\Local\Programs\MiKTeX\tex/latex/xargs\xargs.sty
Package: xargs 2008/03/22 v1.1  extended macro definitions  (mpg)

(C:\Users\Morteza\AppData\Local\Programs\MiKTeX\tex/latex/xkeyval\xkeyval.sty
Package: xkeyval 2022/06/16 v2.9 package option processing (HA)

(C:\Users\Morteza\AppData\Local\Programs\MiKTeX\tex/generic/xkeyval\xkeyval.tex

(C:\Users\Morteza\AppData\Local\Programs\MiKTeX\tex/generic/xkeyval\xkvutils.te
x
\XKV@toks=\toks44
\XKV@tempa@toks=\toks45
)
\XKV@depth=\count327
File: xkeyval.tex 2014/12/03 v2.7a key=value parser (HA)
))
\xargs@max=\count328
\xargs@toksa=\toks46
\xargs@toksb=\toks47
)
(C:\Users\Morteza\AppData\Local\Programs\MiKTeX\tex/latex/todonotes\todonotes.s
ty
Package: todonotes 2021/06/04 v1.1.5 Todonotes source and documentation.
Package: todonotes 2021/06/04

(C:\Users\Morteza\AppData\Local\Programs\MiKTeX\tex/generic/pgf/frontendlayer/t
ikz/libraries\tikzlibrarypositioning.code.tex
File: tikzlibrarypositioning.code.tex 2021/05/15 v3.1.9a (3.1.9a)
)
(C:\Users\Morteza\AppData\Local\Programs\MiKTeX\tex/latex/tools\calc.sty
Package: calc 2017/05/25 v4.3 Infix arithmetic (KKT,FJ)
\calc@Acount=\count329
\calc@Bcount=\count330
\calc@Adimen=\dimen302
\calc@Bdimen=\dimen303
\calc@Askip=\skip80
\calc@Bskip=\skip81
LaTeX Info: Redefining \setlength on input line 80.
LaTeX Info: Redefining \addtolength on input line 81.
\calc@Ccount=\count331
\calc@Cskip=\skip82
)
\c@@todonotes@numberoftodonotes=\count332
)
Package hyperref Info: Option `colorlinks' set `true' on input line 57.

(C:\Users\Morteza\AppData\Local\Programs\MiKTeX\tex/latex/appendix\appendix.sty
Package: appendix 2020/02/08 v1.2c extra appendix facilities
\c@@pps=\count333
\c@@ppsavesec=\count334
\c@@ppsaveapp=\count335
) (Elements/tikzisetting.tex
(C:\Users\Morteza\AppData\Local\Programs\MiKTeX\tex/generic/pgf/frontendlayer/t
ikz/libraries\tikzlibrarypatterns.code.tex
File: tikzlibrarypatterns.code.tex 2021/05/15 v3.1.9a (3.1.9a)

(C:\Users\Morteza\AppData\Local\Programs\MiKTeX\tex/generic/pgf/libraries\pgfli
brarypatterns.code.tex
File: pgflibrarypatterns.code.tex 2021/05/15 v3.1.9a (3.1.9a)
))) (Elements/Title.tex)
(Connected Stocks - Draft - English.aux

LaTeX Warning: Label `sqrt' multiply defined.


LaTeX Warning: Label `sqrt@cref' multiply defined.

)
\openout1 = `"Connected Stocks - Draft - English.aux"'.

LaTeX Font Info:    Checking defaults for OML/cmm/m/it on input line 91.
LaTeX Font Info:    ... okay on input line 91.
LaTeX Font Info:    Checking defaults for OMS/cmsy/m/n on input line 91.
LaTeX Font Info:    ... okay on input line 91.
LaTeX Font Info:    Checking defaults for OT1/cmr/m/n on input line 91.
LaTeX Font Info:    ... okay on input line 91.
LaTeX Font Info:    Checking defaults for T1/cmr/m/n on input line 91.
LaTeX Font Info:    ... okay on input line 91.
LaTeX Font Info:    Checking defaults for TS1/cmr/m/n on input line 91.
LaTeX Font Info:    ... okay on input line 91.
LaTeX Font Info:    Checking defaults for OMX/cmex/m/n on input line 91.
LaTeX Font Info:    ... okay on input line 91.
LaTeX Font Info:    Checking defaults for U/cmr/m/n on input line 91.
LaTeX Font Info:    ... okay on input line 91.
LaTeX Font Info:    Checking defaults for PD1/pdf/m/n on input line 91.
LaTeX Font Info:    ... okay on input line 91.
LaTeX Font Info:    Checking defaults for PU/pdf/m/n on input line 91.
LaTeX Font Info:    ... okay on input line 91.
Package caption Info: Begin \AtBeginDocument code.
Package caption Info: hyperref package is loaded.
Package caption Info: longtable package is loaded.

(C:\Users\Morteza\AppData\Local\Programs\MiKTeX\tex/latex/caption\ltcaption.sty
Package: ltcaption 2021/01/08 v1.4c longtable captions (AR)
)
Package caption Info: rotating package is loaded.
Package caption Info: End \AtBeginDocument code.

(C:\Users\Morteza\AppData\Local\Programs\MiKTeX\tex/context/base/mkii\supp-pdf.
mkii
[Loading MPS to PDF converter (version 2006.09.02).]
\scratchcounter=\count336
\scratchdimen=\dimen304
\scratchbox=\box73
\nofMPsegments=\count337
\nofMParguments=\count338
\everyMPshowfont=\toks48
\MPscratchCnt=\count339
\MPscratchDim=\dimen305
\MPnumerator=\count340
\makeMPintoPDFobject=\count341
\everyMPtoPDFconversion=\toks49
)
(C:\Users\Morteza\AppData\Local\Programs\MiKTeX\tex/latex/epstopdf-pkg\epstopdf
-base.sty
Package: epstopdf-base 2020-01-24 v2.11 Base part for package epstopdf
Package epstopdf-base Info: Redefining graphics rule for `.eps' on input line 4
85.

(C:\Users\Morteza\AppData\Local\Programs\MiKTeX\tex/latex/00miktex\epstopdf-sys
.cfg
File: epstopdf-sys.cfg 2021/03/18 v2.0 Configuration of epstopdf for MiKTeX
))
Package hyperref Info: Link coloring ON on input line 91.
 (Connected Stocks - Draft - English.out)
(Connected Stocks - Draft - English.out)
\@outlinefile=\write4
\openout4 = `"Connected Stocks - Draft - English.out"'.


*geometry* driver: auto-detecting
*geometry* detected driver: pdftex
*geometry* verbose mode - [ preamble ] result:
* driver: pdftex
* paper: a4paper
* layout: <same size as paper>
* layoutoffset:(h,v)=(0.0pt,0.0pt)
* modes: 
* h-part:(L,W,R)=(89.62709pt, 418.25368pt, 89.6271pt)
* v-part:(T,H,B)=(101.40665pt, 591.5302pt, 152.11pt)
* \paperwidth=597.50787pt
* \paperheight=845.04684pt
* \textwidth=418.25368pt
* \textheight=591.5302pt
* \oddsidemargin=17.3571pt
* \evensidemargin=17.3571pt
* \topmargin=-7.86334pt
* \headheight=12.0pt
* \headsep=25.0pt
* \topskip=12.0pt
* \footskip=30.0pt
* \marginparwidth=56.9055pt
* \marginparsep=10.0pt
* \columnsep=10.0pt
* \skip\footins=10.8pt plus 4.0pt minus 2.0pt
* \hoffset=0.0pt
* \voffset=0.0pt
* \mag=1000
* \@twocolumnfalse
* \@twosidefalse
* \@mparswitchfalse
* \@reversemarginfalse
* (1in=72.27pt=25.4mm, 1cm=28.453pt)

(Connected Stocks - Draft - English.tdo [1

{C:/Users/Morteza/AppData/Local/MiKTeX/fonts/map/pdftex/pdftex.map}])
\tf@tdo=\write5
\openout5 = `"Connected Stocks - Draft - English.tdo"'.

 [2]
Package hyperref Info: bookmark level for unknown todo defaults to 0 on input l
ine 95.


LaTeX Warning: Marginpar on page 3 moved.

(Elements-Eng/Abstract.tex) (Elements-Eng/Introduction.tex [3]

LaTeX Warning: Marginpar on page 4 moved.


LaTeX Warning: Marginpar on page 4 moved.

[4] [5]) (Elements-Eng/Data and Methodology.tex [6] (Elements/pairsnumber.tex)
(Elements/PairPercent.tex) (Elements/TotalPairNumberCal.tex)
(Elements/numberofcommonowner.tex) (Elements/FirmPairBGShape.tex
(Elements/SBGShape.tex) (Elements/DBGShape.tex) (Elements/No1BGShape.tex)
(Elements/No2BGShape.tex)) (Elements/pairsnumber.tex) (Elements/pairsnumber.tex
)

Package caption Warning: \captionsetup{subtype*=...} or \subcaptionof
(caption)                outside box or environment on input line 64.
See the caption package documentation for explanation.


Package caption Warning: \subcaption
(caption)                outside box or environment on input line 64.
See the caption package documentation for explanation.

(Output/summaryOfOwnership.tex)

Package caption Warning: \subcaption
(caption)                outside box or environment on input line 73.
See the caption package documentation for explanation.

(Output/summaryOfPairs.tex) [7] [8] [9] (Elements/MeasurmentLit.tex) [10]
[11]

Package caption Warning: \captionsetup{subtype*=...} or \subcaptionof
(caption)                outside box or environment on input line 188.
See the caption package documentation for explanation.


Package caption Warning: \subcaption
(caption)                outside box or environment on input line 188.
See the caption package documentation for explanation.

(Output/FCACal.tex)

Package caption Warning: \subcaption
(caption)                outside box or environment on input line 196.
See the caption package documentation for explanation.

(Output/CorrelationsResultsText.tex)

Package caption Warning: \subcaption
(caption)                outside box or environment on input line 205.
See the caption package documentation for explanation.

(Output/ControlsSummary.tex) (Output/table13.tex)) [12] [13]
(Elements-Eng/Results.tex
Package epstopdf Info: Source file: <Output/mcorr50.eps>
(epstopdf)                    date: 2022-01-03 20:17:49
(epstopdf)                    size: 22057 bytes
(epstopdf)             Output file: <Output/mcorr50-eps-converted-to.pdf>
(epstopdf)                    date: 2022-01-03 20:17:49
(epstopdf)                    size: 13230 bytes
(epstopdf)             Command: <miktex-epstopdf --outfile=Output/mcorr50-eps-c
onverted-to.pdf Output/mcorr50.eps>
(epstopdf)             \includegraphics on input line 13.
Package epstopdf Info: Output file is already uptodate.
<Output/mcorr50-eps-converted-to.pdf, id=433, 397.485pt x 289.08pt>
File: Output/mcorr50-eps-converted-to.pdf Graphic file (type pdf)
<use Output/mcorr50-eps-converted-to.pdf>
Package pdftex.def Info: Output/mcorr50-eps-converted-to.pdf  used on input lin
e 13.
(pdftex.def)             Requested size: 292.77629pt x 212.93219pt.
 (Elements/Model11.tex) [14] [15 <./Output/mcorr50-eps-converted-to.pdf>] [16] 
[17]
*geometry* verbose mode - [ newgeometry ] result:
* driver: pdftex
* paper: a4paper
* layout: <same size as paper>
* layoutoffset:(h,v)=(0.0pt,0.0pt)
* modes: 
* h-part:(L,W,R)=(89.62709pt, 418.25368pt, 89.6271pt)
* v-part:(T,H,B)=(56.9055pt, 702.78308pt, 85.35826pt)
* \paperwidth=597.50787pt
* \paperheight=845.04684pt
* \textwidth=418.25368pt
* \textheight=702.78308pt
* \oddsidemargin=17.3571pt
* \evensidemargin=17.3571pt
* \topmargin=-52.36449pt
* \headheight=12.0pt
* \headsep=25.0pt
* \topskip=12.0pt
* \footskip=30.0pt
* \marginparwidth=56.9055pt
* \marginparsep=10.0pt
* \columnsep=10.0pt
* \skip\footins=10.8pt plus 4.0pt minus 2.0pt
* \hoffset=0.0pt
* \voffset=0.0pt
* \mag=1000
* \@twocolumnfalse
* \@twosidefalse
* \@mparswitchfalse
* \@reversemarginfalse
* (1in=72.27pt=25.4mm, 1cm=28.453pt)



Package caption Warning: \captionsetup{subtype*=...} or \subcaptionof
(caption)                outside box or environment on input line 67.
See the caption package documentation for explanation.


Package caption Warning: \subcaption
(caption)                outside box or environment on input line 67.
See the caption package documentation for explanation.

(Output/mresult2part1-slide.tex)

Package caption Warning: \subcaption
(caption)                outside box or environment on input line 73.
See the caption package documentation for explanation.

(Output/mresult2part2-slide.tex)

LaTeX Warning: Float too large for page by 35.82567pt on input line 81.

[18]
Package epstopdf Info: Source file: <Output/Qmcorr5lrd.eps>
(epstopdf)                    date: 2022-01-03 20:17:49
(epstopdf)                    size: 27902 bytes
(epstopdf)             Output file: <Output/Qmcorr5lrd-eps-converted-to.pdf>
(epstopdf)                    date: 2022-01-03 20:17:49
(epstopdf)                    size: 15914 bytes
(epstopdf)             Command: <miktex-epstopdf --outfile=Output/Qmcorr5lrd-ep
s-converted-to.pdf Output/Qmcorr5lrd.eps>
(epstopdf)             \includegraphics on input line 112.
Package epstopdf Info: Output file is already uptodate.
<Output/Qmcorr5lrd-eps-converted-to.pdf, id=522, 397.485pt x 289.08pt>
File: Output/Qmcorr5lrd-eps-converted-to.pdf Graphic file (type pdf)
<use Output/Qmcorr5lrd-eps-converted-to.pdf>
Package pdftex.def Info: Output/Qmcorr5lrd-eps-converted-to.pdf  used on input 
line 112.
(pdftex.def)             Requested size: 271.86234pt x 197.72305pt.
Package epstopdf Info: Source file: <Output/Qmcorr5subsample.eps>
(epstopdf)                    date: 2022-01-03 20:17:49
(epstopdf)                    size: 23704 bytes
(epstopdf)             Output file: <Output/Qmcorr5subsample-eps-converted-to.p
df>
(epstopdf)                    date: 2022-01-03 20:17:49
(epstopdf)                    size: 16074 bytes
(epstopdf)             Command: <miktex-epstopdf --outfile=Output/Qmcorr5subsam
ple-eps-converted-to.pdf Output/Qmcorr5subsample.eps>
(epstopdf)             \includegraphics on input line 122.
Package epstopdf Info: Output file is already uptodate.
<Output/Qmcorr5subsample-eps-converted-to.pdf, id=523, 397.485pt x 289.08pt>
File: Output/Qmcorr5subsample-eps-converted-to.pdf Graphic file (type pdf)
<use Output/Qmcorr5subsample-eps-converted-to.pdf>
Package pdftex.def Info: Output/Qmcorr5subsample-eps-converted-to.pdf  used on 
input line 122.
(pdftex.def)             Requested size: 230.04079pt x 167.30481pt.
Package epstopdf Info: Source file: <Output/Qmcorr5lrdbgsubsample.eps>
(epstopdf)                    date: 2022-01-03 20:17:49
(epstopdf)                    size: 30126 bytes
(epstopdf)             Output file: <Output/Qmcorr5lrdbgsubsample-eps-converted
-to.pdf>
(epstopdf)                    date: 2022-01-03 20:17:49
(epstopdf)                    size: 14646 bytes
(epstopdf)             Command: <miktex-epstopdf --outfile=Output/Qmcorr5lrdbgs
ubsample-eps-converted-to.pdf Output/Qmcorr5lrdbgsubsample.eps>
(epstopdf)             \includegraphics on input line 122.
Package epstopdf Info: Output file is already uptodate.
<Output/Qmcorr5lrdbgsubsample-eps-converted-to.pdf, id=524, 397.485pt x 289.08p
t>
File: Output/Qmcorr5lrdbgsubsample-eps-converted-to.pdf Graphic file (type pdf)

<use Output/Qmcorr5lrdbgsubsample-eps-converted-to.pdf>
Package pdftex.def Info: Output/Qmcorr5lrdbgsubsample-eps-converted-to.pdf  use
d on input line 122.
(pdftex.def)             Requested size: 230.04079pt x 167.30481pt.
 [19


 <./Output/Qmcorr5lrd-eps-converted-to.pdf>]

Package caption Warning: \captionsetup{subtype*=...} or \subcaptionof
(caption)                outside box or environment on input line 193.
See the caption package documentation for explanation.


Package caption Warning: \subcaption
(caption)                outside box or environment on input line 193.
See the caption package documentation for explanation.

(Output/QTimemresult2subsample-slide.tex)

Package caption Warning: \subcaption
(caption)                outside box or environment on input line 201.
See the caption package documentation for explanation.

(Output/Q3mresultAllPairs.tex) [20 <./Output/Qmcorr5subsample-eps-converted-to.
pdf> <./Output/Qmcorr5lrdbgsubsample-eps-converted-to.pdf>] [21])
(Elements-Eng/Evidence for correlated trading.tex
Overfull \hbox (5.42473pt too wide) in paragraph at lines 16--19
\OT1/cmr/m/n/12 dus-try and busi-ness group port-fo-lio's turnover, $^^A[][]$ a
nd $^^A[][]$
 []

(Elements/turnoverModel.tex) [22] (Output/turnover.tex)

Package caption Warning: \captionsetup{subtype*=...} or \subcaptionof
(caption)                outside box or environment on input line 46.
See the caption package documentation for explanation.


Package caption Warning: \subcaption
(caption)                outside box or environment on input line 46.
See the caption package documentation for explanation.

(Output/mresult2-turnover.tex)

Package caption Warning: \subcaption
(caption)                outside box or environment on input line 54.
See the caption package documentation for explanation.

(Output/turncomovement.tex) [23] [24]

Package caption Warning: \captionsetup{subtype*=...} or \subcaptionof
(caption)                outside box or environment on input line 72.
See the caption package documentation for explanation.


Package caption Warning: \subcaption
(caption)                outside box or environment on input line 72.
See the caption package documentation for explanation.

(Output/ResidualTrunSummary.tex)

Package caption Warning: \subcaption
(caption)                outside box or environment on input line 79.
See the caption package documentation for explanation.

(Output/ResidualTrunStdSummary.tex)
Package epstopdf Info: Source file: <Output/GroupedResSTD.eps>
(epstopdf)                    date: 2022-02-11 14:07:35
(epstopdf)                    size: 20926867 bytes
(epstopdf)             Output file: <Output/GroupedResSTD-eps-converted-to.pdf>

(epstopdf)                    date: 2022-02-11 14:25:52
(epstopdf)                    size: 296315 bytes
(epstopdf)             Command: <miktex-epstopdf --outfile=Output/GroupedResSTD
-eps-converted-to.pdf Output/GroupedResSTD.eps>
(epstopdf)             \includegraphics on input line 89.
Package epstopdf Info: Output file is already uptodate.
<Output/GroupedResSTD-eps-converted-to.pdf, id=643, 722.7pt x 361.35pt>
File: Output/GroupedResSTD-eps-converted-to.pdf Graphic file (type pdf)
<use Output/GroupedResSTD-eps-converted-to.pdf>
Package pdftex.def Info: Output/GroupedResSTD-eps-converted-to.pdf  used on inp
ut line 89.
(pdftex.def)             Requested size: 355.51817pt x 177.75778pt.
 [25

]

Package caption Warning: \captionsetup{subtype*=...} or \subcaptionof
(caption)                outside box or environment on input line 112.
See the caption package documentation for explanation.


Package caption Warning: \subcaption
(caption)                outside box or environment on input line 112.
See the caption package documentation for explanation.

(Output/ImbalanceInsMeanSummary.tex)

Package caption Warning: \subcaption
(caption)                outside box or environment on input line 119.
See the caption package documentation for explanation.

(Output/ImbalanceInsStdSummary.tex)
Package epstopdf Info: Source file: <Output/GroupedInsSTD.eps>
(epstopdf)                    date: 2022-02-11 14:34:08
(epstopdf)                    size: 21145985 bytes
(epstopdf)             Output file: <Output/GroupedInsSTD-eps-converted-to.pdf>

(epstopdf)                    date: 2022-02-11 14:34:20
(epstopdf)                    size: 271722 bytes
(epstopdf)             Command: <miktex-epstopdf --outfile=Output/GroupedInsSTD
-eps-converted-to.pdf Output/GroupedInsSTD.eps>
(epstopdf)             \includegraphics on input line 127.
Package epstopdf Info: Output file is already uptodate.
<Output/GroupedInsSTD-eps-converted-to.pdf, id=656, 722.7pt x 361.35pt>
File: Output/GroupedInsSTD-eps-converted-to.pdf Graphic file (type pdf)
<use Output/GroupedInsSTD-eps-converted-to.pdf>
Package pdftex.def Info: Output/GroupedInsSTD-eps-converted-to.pdf  used on inp
ut line 127.
(pdftex.def)             Requested size: 355.51817pt x 177.75778pt.

Overfull \hbox (6.39854pt too wide) in paragraph at lines 132--133
\OT1/cmr/m/n/12 whose av-er-age stan-dard er-rors are lower than half of the sa
m-ple;\OT1/cmr/bx/n/12 LowImbalancestd\OT1/cmr/m/n/12 .
 []


Package caption Warning: \captionsetup{subtype*=...} or \subcaptionof
(caption)                outside box or environment on input line 151.
See the caption package documentation for explanation.


Package caption Warning: \subcaption
(caption)                outside box or environment on input line 151.
See the caption package documentation for explanation.

(Output/LowRes.tex)

Package caption Warning: \subcaption
(caption)                outside box or environment on input line 158.
See the caption package documentation for explanation.

(Output/Imbalance.tex) [26 <./Output/GroupedResSTD-eps-converted-to.pdf>]
[27 <./Output/GroupedInsSTD-eps-converted-to.pdf>] [28])
(Elements-Eng/Conclusion.tex [29] (Connected Stocks - Draft - English.bbl
[30] [31])) (Elements-Eng/appendices.tex
Overfull \hbox (33.11809pt too wide) in paragraph at lines 6--6
[]\OT1/cmr/bx/n/17.28 Overview of Busi-ness Groups in Tehran
 []

[32] [33]
<Elements/1.png, id=741, 494.8086pt x 299.6796pt>
File: Elements/1.png Graphic file (type png)
<use Elements/1.png>
Package pdftex.def Info: Elements/1.png  used on input line 107.
(pdftex.def)             Requested size: 196.57973pt x 119.06033pt.
<Elements/2.png, id=743, 494.3268pt x 300.1614pt>
File: Elements/2.png Graphic file (type png)
<use Elements/2.png>
Package pdftex.def Info: Elements/2.png  used on input line 108.
(pdftex.def)             Requested size: 196.57973pt x 119.36626pt.
 (Elements/Example2.tex) [34 <./Elements/1.png> <./Elements/2.png>]
[35]
<Elements/3.png, id=763, 722.7pt x 360.3864pt>
File: Elements/3.png Graphic file (type png)
<use Elements/3.png>
Package pdftex.def Info: Elements/3.png  used on input line 173.
(pdftex.def)             Requested size: 355.51817pt x 177.28375pt.
<Elements/4.png, id=764, 723.1818pt x 359.9046pt>
File: Elements/4.png Graphic file (type png)
<use Elements/4.png>
Package pdftex.def Info: Elements/4.png  used on input line 179.
(pdftex.def)             Requested size: 355.51817pt x 176.93141pt.
 (Elements/marketcap.tex) (Output/mresult2Polk-slide.tex) [36 <./Elements/3.png
>] [37 <./Elements/4.png>])

Package caption Warning: Unused \captionsetup[subfigure] on input line 50.
See the caption package documentation for explanation.

[38] (Connected Stocks - Draft - English.aux)

LaTeX Warning: There were multiply-defined labels.

Package rerunfilecheck Info: File `"Connected Stocks - Draft - English".out' ha
s not changed.
(rerunfilecheck)             Checksum: 7B1EAF9FD6E7CDAF2ED6C00D030F5ED3;2753.
 ) 
Here is how much of TeX's memory you used:
 27217 strings out of 478338
 539540 string characters out of 2835757
 925933 words of memory out of 3000000
 44887 multiletter control sequences out of 15000+600000
 482777 words of font info for 71 fonts, out of 8000000 for 9000
 1141 hyphenation exceptions out of 8191
 100i,17n,104p,2203b,1196s stack positions out of 10000i,1000n,20000p,200000b,80000s
 <C:\Users\Morteza\AppData\Local\MiKTeX\fonts/pk/ljfour/jknappen/ec/dpi600\tc
rm1200.pk> <C:\Users\Morteza\AppData\Local\MiKTeX\fonts/pk/ljfour/jknappen/ec/d
pi600\ecrm0800.pk><C:/Users/Morteza/AppData/Local/Programs/MiKTeX/fonts/type1/p
ublic/amsfonts/cm/cmbx10.pfb><C:/Users/Morteza/AppData/Local/Programs/MiKTeX/fo
nts/type1/public/amsfonts/cm/cmbx12.pfb><C:/Users/Morteza/AppData/Local/Program
s/MiKTeX/fonts/type1/public/amsfonts/cm/cmbxti10.pfb><C:/Users/Morteza/AppData/
Local/Programs/MiKTeX/fonts/type1/public/amsfonts/cm/cmex10.pfb><C:/Users/Morte
za/AppData/Local/Programs/MiKTeX/fonts/type1/public/amsfonts/cmextra/cmex7.pfb>
<C:/Users/Morteza/AppData/Local/Programs/MiKTeX/fonts/type1/public/amsfonts/cme
xtra/cmex8.pfb><C:/Users/Morteza/AppData/Local/Programs/MiKTeX/fonts/type1/publ
ic/amsfonts/cm/cmmi10.pfb><C:/Users/Morteza/AppData/Local/Programs/MiKTeX/fonts
/type1/public/amsfonts/cm/cmmi12.pfb><C:/Users/Morteza/AppData/Local/Programs/M
iKTeX/fonts/type1/public/amsfonts/cm/cmmi5.pfb><C:/Users/Morteza/AppData/Local/
Programs/MiKTeX/fonts/type1/public/amsfonts/cm/cmmi6.pfb><C:/Users/Morteza/AppD
ata/Local/Programs/MiKTeX/fonts/type1/public/amsfonts/cm/cmmi7.pfb><C:/Users/Mo
rteza/AppData/Local/Programs/MiKTeX/fonts/type1/public/amsfonts/cm/cmmi8.pfb><C
:/Users/Morteza/AppData/Local/Programs/MiKTeX/fonts/type1/public/amsfonts/cm/cm
r10.pfb><C:/Users/Morteza/AppData/Local/Programs/MiKTeX/fonts/type1/public/amsf
onts/cm/cmr12.pfb><C:/Users/Morteza/AppData/Local/Programs/MiKTeX/fonts/type1/p
ublic/amsfonts/cm/cmr17.pfb><C:/Users/Morteza/AppData/Local/Programs/MiKTeX/fon
ts/type1/public/amsfonts/cm/cmr5.pfb><C:/Users/Morteza/AppData/Local/Programs/M
iKTeX/fonts/type1/public/amsfonts/cm/cmr6.pfb><C:/Users/Morteza/AppData/Local/P
rograms/MiKTeX/fonts/type1/public/amsfonts/cm/cmr7.pfb><C:/Users/Morteza/AppDat
a/Local/Programs/MiKTeX/fonts/type1/public/amsfonts/cm/cmr8.pfb><C:/Users/Morte
za/AppData/Local/Programs/MiKTeX/fonts/type1/public/amsfonts/cm/cmsy10.pfb><C:/
Users/Morteza/AppData/Local/Programs/MiKTeX/fonts/type1/public/amsfonts/cm/cmsy
6.pfb><C:/Users/Morteza/AppData/Local/Programs/MiKTeX/fonts/type1/public/amsfon
ts/cm/cmsy7.pfb><C:/Users/Morteza/AppData/Local/Programs/MiKTeX/fonts/type1/pub
lic/amsfonts/cm/cmsy8.pfb><C:/Users/Morteza/AppData/Local/Programs/MiKTeX/fonts
/type1/public/amsfonts/cm/cmti10.pfb><C:/Users/Morteza/AppData/Local/Programs/M
iKTeX/fonts/type1/public/amsfonts/cm/cmti12.pfb>
Output written on "Connected Stocks - Draft - English.pdf" (38 pages, 1261666 b
ytes).
PDF statistics:
 933 PDF objects out of 1000 (max. 8388607)
 169 named destinations out of 1000 (max. 500000)
 207 words of extra memory for PDF output out of 10000 (max. 10000000)

