This is pdfTeX, Version 3.14159265-2.6-1.40.21 (TeX Live 2020/W32TeX) (preloaded format=pdflatex 2021.9.14)  29 DEC 2021 09:54
entering extended mode
 restricted \write18 enabled.
 %&-line parsing enabled.
**top.tex
(./top.tex
LaTeX2e <2020-02-02> patch level 5
L3 programming layer <2020-03-06>

! LaTeX Error: Missing \begin{document}.

See the LaTeX manual or LaTeX Companion for explanation.
Type  H <return>  for immediate help.
 ...                                              
                                                  
l.1 \begin{center}
                  
You're in trouble here.  Try typing  <return>  to proceed.
If that doesn't work, type  X <return>  to quit.


Overfull \hbox (20.0pt too wide) in paragraph at lines 1--1
[] 
 []

! Undefined control sequence.
l.2 \footnotesize
                 
The control sequence at the end of the top line
of your error message was never \def'ed. If you have
misspelled it (e.g., `\hobx'), type `I' and the correct
spelling (e.g., `I\hbox'). Otherwise just continue,
and I'll forget about whatever was undefined.

! Undefined control sequence.
l.3 \newcolumntype
                  {Y}{>{\raggedleft\arraybackslash}c}
The control sequence at the end of the top line
of your error message was never \def'ed. If you have
misspelled it (e.g., `\hobx'), type `I' and the correct
spelling (e.g., `I\hbox'). Otherwise just continue,
and I'll forget about whatever was undefined.

Missing character: There is no Y in font nullfont!
Missing character: There is no > in font nullfont!
! Undefined control sequence.
l.3 \newcolumntype{Y}{>{\raggedleft\arraybackslash
                                                  }c}
The control sequence at the end of the top line
of your error message was never \def'ed. If you have
misspelled it (e.g., `\hobx'), type `I' and the correct
spelling (e.g., `I\hbox'). Otherwise just continue,
and I'll forget about whatever was undefined.

Missing character: There is no c in font nullfont!

! LaTeX Error: Environment tabularx undefined.

See the LaTeX manual or LaTeX Companion for explanation.
Type  H <return>  for immediate help.
 ...                                              
                                                  
l.5 \begin{tabularx}
                     {#} {@{} l Y Y Y Y Y Y Y Y Y Y Y Y Y Y Y Y@{}} \\
Your command was ignored.
Type  I <command> <return>  to replace it with another command,
or  <return>  to continue without it.

! You can't use `macro parameter character #' in vertical mode.
l.5 \begin{tabularx} {#
                       } {@{} l Y Y Y Y Y Y Y Y Y Y Y Y Y Y Y Y@{}} \\
Sorry, but I'm not programmed to handle this case;
I'll just pretend that you didn't ask for it.
If you're in the wrong mode, you might be able to
return to the right one by typing `I}' or `I$' or `I\par'.

Missing character: There is no @ in font nullfont!
Missing character: There is no l in font nullfont!
Missing character: There is no Y in font nullfont!
Missing character: There is no Y in font nullfont!
Missing character: There is no Y in font nullfont!
Missing character: There is no Y in font nullfont!
Missing character: There is no Y in font nullfont!
Missing character: There is no Y in font nullfont!
Missing character: There is no Y in font nullfont!
Missing character: There is no Y in font nullfont!
Missing character: There is no Y in font nullfont!
Missing character: There is no Y in font nullfont!
Missing character: There is no Y in font nullfont!
Missing character: There is no Y in font nullfont!
Missing character: There is no Y in font nullfont!
Missing character: There is no Y in font nullfont!
Missing character: There is no Y in font nullfont!
Missing character: There is no Y in font nullfont!
Missing character: There is no @ in font nullfont!
! Undefined control sequence.
<recently read> \toprule 
                         
l.6 \toprule
            
The control sequence at the end of the top line
of your error message was never \def'ed. If you have
misspelled it (e.g., `\hobx'), type `I' and the correct
spelling (e.g., `I\hbox'). Otherwise just continue,
and I'll forget about whatever was undefined.

)
! Emergency stop.
<*> top.tex
           
*** (job aborted, no legal \end found)

 
Here is how much of TeX's memory you used:
 16 strings out of 480608
 377 string characters out of 5907536
 239604 words of memory out of 5000000
 16010 multiletter control sequences out of 15000+600000
 532338 words of font info for 24 fonts, out of 8000000 for 9000
 1141 hyphenation exceptions out of 8191
 12i,1n,15p,85b,61s stack positions out of 5000i,500n,10000p,200000b,80000s
!  ==> Fatal error occurred, no output PDF file produced!
