\BOOKMARK [1][-]{section.1}{Introduction}{}% 1
\BOOKMARK [1][-]{section.2}{Data\040and\040Methodology}{}% 2
\BOOKMARK [2][-]{subsection.2.1}{Data\040and\040Sample}{section.2}% 3
\BOOKMARK [2][-]{subsection.2.2}{Pair\040composition\040}{section.2}% 4
\BOOKMARK [2][-]{subsection.2.3}{Stock\040Return\040comovement}{section.2}% 5
\BOOKMARK [2][-]{subsection.2.4}{Controls}{section.2}% 6
\BOOKMARK [2][-]{subsection.2.5}{Measurement\040of\040common-ownership}{section.2}% 7
\BOOKMARK [3][-]{subsubsection.2.5.1}{Modified\040Anton's\040measure}{subsection.2.5}% 8
\BOOKMARK [2][-]{subsection.2.6}{Overview\040of\040Business\040Groups\040in\040Tehran\040Stock\040Exchange}{section.2}% 9
\BOOKMARK [1][-]{section.3}{Results}{}% 10
\BOOKMARK [2][-]{subsection.3.1}{Forecasting\040Co-movement}{section.3}% 11
\BOOKMARK [2][-]{subsection.3.2}{High\040level\040of\040common\040ownership}{section.3}% 12
\BOOKMARK [2][-]{subsection.3.3}{All\040Pairs}{section.3}% 13
\BOOKMARK [2][-]{subsection.3.4}{Size\040effect}{section.3}% 14
\BOOKMARK [2][-]{subsection.3.5}{Common\040Ownership\040measure}{section.3}% 15
\BOOKMARK [1][-]{section.4}{Evidence\040for\040correlated\040trading\040}{}% 16
\BOOKMARK [2][-]{subsection.4.1}{Institutional\040Imbalance}{section.4}% 17
\BOOKMARK [2][-]{subsection.4.2}{Turnover}{section.4}% 18
\BOOKMARK [2][-]{subsection.4.3}{Big\040business\040group}{section.4}% 19
\BOOKMARK [1][-]{section.5}{Conclusion}{}% 20
