\BOOKMARK [1][-]{section.1}{Introduction}{}% 1
\BOOKMARK [1][-]{section.2}{Data and Methodology}{}% 2
\BOOKMARK [2][-]{subsection.2.1}{Data and Sample}{section.2}% 3
\BOOKMARK [2][-]{subsection.2.2}{Pair composition }{section.2}% 4
\BOOKMARK [2][-]{subsection.2.3}{Stock Return comovement}{section.2}% 5
\BOOKMARK [2][-]{subsection.2.4}{Controls}{section.2}% 6
\BOOKMARK [2][-]{subsection.2.5}{Measurement of cross-ownership}{section.2}% 7
\BOOKMARK [3][-]{subsubsection.2.5.1}{Modified Anton's measure }{subsection.2.5}% 8
\BOOKMARK [2][-]{subsection.2.6}{Overview of Business Groups in Tehran Stock Exchange}{section.2}% 9
\BOOKMARK [1][-]{section.3}{Results}{}% 10
\BOOKMARK [2][-]{subsection.3.1}{Forecasting Co-movement}{section.3}% 11
\BOOKMARK [2][-]{subsection.3.2}{High level of common ownership}{section.3}% 12
\BOOKMARK [2][-]{subsection.3.3}{All Pairs}{section.3}% 13
\BOOKMARK [2][-]{subsection.3.4}{Size effect}{section.3}% 14
\BOOKMARK [2][-]{subsection.3.5}{Evidence for correlated trading }{section.3}% 15
\BOOKMARK [3][-]{subsubsection.3.5.1}{Low imbalance std}{subsection.3.5}% 16
\BOOKMARK [3][-]{subsubsection.3.5.2}{Turnover}{subsection.3.5}% 17
\BOOKMARK [3][-]{subsubsection.3.5.3}{Big business group}{subsection.3.5}% 18
\BOOKMARK [3][-]{subsubsection.3.5.4}{Bearish/Bullish Market}{subsection.3.5}% 19
\BOOKMARK [1][-]{section.4}{Conclusion}{}% 20
\BOOKMARK [1][-]{appendix.1.A}{Further group analysis}{}% 21
\BOOKMARK [1][-]{appendix.1.B}{Logaritmic Transformation}{}% 22
\BOOKMARK [1][-]{appendix.1.C}{ [a1] Anton Polk's measure}{}% 23
