This is pdfTeX, Version 3.14159265-2.6-1.40.21 (TeX Live 2020/W32TeX) (preloaded format=pdflatex 2021.9.14)  8 NOV 2021 18:46
entering extended mode
 restricted \write18 enabled.
 %&-line parsing enabled.
**"Connected Stocks - Slide.tex"
(./Connected Stocks - Slide.tex
LaTeX2e <2020-02-02> patch level 5
L3 programming layer <2020-03-06>
(c:/texlive/2020/texmf-dist/tex/latex/beamer/beamer.cls
Document Class: beamer 2019/09/29 v3.57 A class for typesetting presentations
(c:/texlive/2020/texmf-dist/tex/latex/beamer/beamerbasemodes.sty
(c:/texlive/2020/texmf-dist/tex/latex/etoolbox/etoolbox.sty
Package: etoolbox 2019/09/21 v2.5h e-TeX tools for LaTeX (JAW)
\etb@tempcnta=\count167
)
\beamer@tempbox=\box45
\beamer@tempcount=\count168
\c@beamerpauses=\count169

(c:/texlive/2020/texmf-dist/tex/latex/beamer/beamerbasedecode.sty
\beamer@slideinframe=\count170
\beamer@minimum=\count171
\beamer@decode@box=\box46
)
\beamer@commentbox=\box47
\beamer@modecount=\count172
)
(c:/texlive/2020/texmf-dist/tex/generic/iftex/ifpdf.sty
Package: ifpdf 2019/10/25 v3.4 ifpdf legacy package. Use iftex instead.

(c:/texlive/2020/texmf-dist/tex/generic/iftex/iftex.sty
Package: iftex 2020/03/06 v1.0d TeX engine tests
))
\headdp=\dimen134
\footheight=\dimen135
\sidebarheight=\dimen136
\beamer@tempdim=\dimen137
\beamer@finalheight=\dimen138
\beamer@animht=\dimen139
\beamer@animdp=\dimen140
\beamer@animwd=\dimen141
\beamer@leftmargin=\dimen142
\beamer@rightmargin=\dimen143
\beamer@leftsidebar=\dimen144
\beamer@rightsidebar=\dimen145
\beamer@boxsize=\dimen146
\beamer@vboxoffset=\dimen147
\beamer@descdefault=\dimen148
\beamer@descriptionwidth=\dimen149
\beamer@lastskip=\skip47
\beamer@areabox=\box48
\beamer@animcurrent=\box49
\beamer@animshowbox=\box50
\beamer@sectionbox=\box51
\beamer@logobox=\box52
\beamer@linebox=\box53
\beamer@sectioncount=\count173
\beamer@subsubsectionmax=\count174
\beamer@subsectionmax=\count175
\beamer@sectionmax=\count176
\beamer@totalheads=\count177
\beamer@headcounter=\count178
\beamer@partstartpage=\count179
\beamer@sectionstartpage=\count180
\beamer@subsectionstartpage=\count181
\beamer@animationtempa=\count182
\beamer@animationtempb=\count183
\beamer@xpos=\count184
\beamer@ypos=\count185
\beamer@ypos@offset=\count186
\beamer@showpartnumber=\count187
\beamer@currentsubsection=\count188
\beamer@coveringdepth=\count189
\beamer@sectionadjust=\count190
\beamer@tocsectionnumber=\count191

(c:/texlive/2020/texmf-dist/tex/latex/beamer/beamerbaseoptions.sty
(c:/texlive/2020/texmf-dist/tex/latex/graphics/keyval.sty
Package: keyval 2014/10/28 v1.15 key=value parser (DPC)
\KV@toks@=\toks15
))
\beamer@paperwidth=\skip48
\beamer@paperheight=\skip49

(c:/texlive/2020/texmf-dist/tex/latex/geometry/geometry.sty
Package: geometry 2020/01/02 v5.9 Page Geometry

(c:/texlive/2020/texmf-dist/tex/generic/iftex/ifvtex.sty
Package: ifvtex 2019/10/25 v1.7 ifvtex legacy package. Use iftex instead.
)
\Gm@cnth=\count192
\Gm@cntv=\count193
\c@Gm@tempcnt=\count194
\Gm@bindingoffset=\dimen150
\Gm@wd@mp=\dimen151
\Gm@odd@mp=\dimen152
\Gm@even@mp=\dimen153
\Gm@layoutwidth=\dimen154
\Gm@layoutheight=\dimen155
\Gm@layouthoffset=\dimen156
\Gm@layoutvoffset=\dimen157
\Gm@dimlist=\toks16
)
(c:/texlive/2020/texmf-dist/tex/latex/base/size11.clo
File: size11.clo 2019/12/20 v1.4l Standard LaTeX file (size option)
)
(c:/texlive/2020/texmf-dist/tex/latex/pgf/basiclayer/pgfcore.sty
(c:/texlive/2020/texmf-dist/tex/latex/graphics/graphicx.sty
Package: graphicx 2019/11/30 v1.2a Enhanced LaTeX Graphics (DPC,SPQR)

(c:/texlive/2020/texmf-dist/tex/latex/graphics/graphics.sty
Package: graphics 2019/11/30 v1.4a Standard LaTeX Graphics (DPC,SPQR)

(c:/texlive/2020/texmf-dist/tex/latex/graphics/trig.sty
Package: trig 2016/01/03 v1.10 sin cos tan (DPC)
)
(c:/texlive/2020/texmf-dist/tex/latex/graphics-cfg/graphics.cfg
File: graphics.cfg 2016/06/04 v1.11 sample graphics configuration
)
Package graphics Info: Driver file: pdftex.def on input line 105.

(c:/texlive/2020/texmf-dist/tex/latex/graphics-def/pdftex.def
File: pdftex.def 2018/01/08 v1.0l Graphics/color driver for pdftex
))
\Gin@req@height=\dimen158
\Gin@req@width=\dimen159
)
(c:/texlive/2020/texmf-dist/tex/latex/pgf/systemlayer/pgfsys.sty
(c:/texlive/2020/texmf-dist/tex/latex/pgf/utilities/pgfrcs.sty
(c:/texlive/2020/texmf-dist/tex/generic/pgf/utilities/pgfutil-common.tex
\pgfutil@everybye=\toks17
\pgfutil@tempdima=\dimen160
\pgfutil@tempdimb=\dimen161

(c:/texlive/2020/texmf-dist/tex/generic/pgf/utilities/pgfutil-common-lists.tex)
) (c:/texlive/2020/texmf-dist/tex/generic/pgf/utilities/pgfutil-latex.def
\pgfutil@abb=\box54

(c:/texlive/2020/texmf-dist/tex/latex/ms/everyshi.sty
Package: everyshi 2001/05/15 v3.00 EveryShipout Package (MS)
))
(c:/texlive/2020/texmf-dist/tex/generic/pgf/utilities/pgfrcs.code.tex
(c:/texlive/2020/texmf-dist/tex/generic/pgf/pgf.revision.tex)
Package: pgfrcs 2020/01/08 v3.1.5b (3.1.5b)
))
(c:/texlive/2020/texmf-dist/tex/generic/pgf/systemlayer/pgfsys.code.tex
Package: pgfsys 2020/01/08 v3.1.5b (3.1.5b)

(c:/texlive/2020/texmf-dist/tex/generic/pgf/utilities/pgfkeys.code.tex
\pgfkeys@pathtoks=\toks18
\pgfkeys@temptoks=\toks19

(c:/texlive/2020/texmf-dist/tex/generic/pgf/utilities/pgfkeysfiltered.code.tex
\pgfkeys@tmptoks=\toks20
))
\pgf@x=\dimen162
\pgf@y=\dimen163
\pgf@xa=\dimen164
\pgf@ya=\dimen165
\pgf@xb=\dimen166
\pgf@yb=\dimen167
\pgf@xc=\dimen168
\pgf@yc=\dimen169
\pgf@xd=\dimen170
\pgf@yd=\dimen171
\w@pgf@writea=\write3
\r@pgf@reada=\read2
\c@pgf@counta=\count195
\c@pgf@countb=\count196
\c@pgf@countc=\count197
\c@pgf@countd=\count198
\t@pgf@toka=\toks21
\t@pgf@tokb=\toks22
\t@pgf@tokc=\toks23
\pgf@sys@id@count=\count199
 (c:/texlive/2020/texmf-dist/tex/generic/pgf/systemlayer/pgf.cfg
File: pgf.cfg 2020/01/08 v3.1.5b (3.1.5b)
)
Driver file for pgf: pgfsys-pdftex.def

(c:/texlive/2020/texmf-dist/tex/generic/pgf/systemlayer/pgfsys-pdftex.def
File: pgfsys-pdftex.def 2020/01/08 v3.1.5b (3.1.5b)

(c:/texlive/2020/texmf-dist/tex/generic/pgf/systemlayer/pgfsys-common-pdf.def
File: pgfsys-common-pdf.def 2020/01/08 v3.1.5b (3.1.5b)
)))
(c:/texlive/2020/texmf-dist/tex/generic/pgf/systemlayer/pgfsyssoftpath.code.tex
File: pgfsyssoftpath.code.tex 2020/01/08 v3.1.5b (3.1.5b)
\pgfsyssoftpath@smallbuffer@items=\count266
\pgfsyssoftpath@bigbuffer@items=\count267
)
(c:/texlive/2020/texmf-dist/tex/generic/pgf/systemlayer/pgfsysprotocol.code.tex
File: pgfsysprotocol.code.tex 2020/01/08 v3.1.5b (3.1.5b)
)) (c:/texlive/2020/texmf-dist/tex/latex/xcolor/xcolor.sty
Package: xcolor 2016/05/11 v2.12 LaTeX color extensions (UK)

(c:/texlive/2020/texmf-dist/tex/latex/graphics-cfg/color.cfg
File: color.cfg 2016/01/02 v1.6 sample color configuration
)
Package xcolor Info: Driver file: pdftex.def on input line 225.
Package xcolor Info: Model `cmy' substituted by `cmy0' on input line 1348.
Package xcolor Info: Model `hsb' substituted by `rgb' on input line 1352.
Package xcolor Info: Model `RGB' extended on input line 1364.
Package xcolor Info: Model `HTML' substituted by `rgb' on input line 1366.
Package xcolor Info: Model `Hsb' substituted by `hsb' on input line 1367.
Package xcolor Info: Model `tHsb' substituted by `hsb' on input line 1368.
Package xcolor Info: Model `HSB' substituted by `hsb' on input line 1369.
Package xcolor Info: Model `Gray' substituted by `gray' on input line 1370.
Package xcolor Info: Model `wave' substituted by `hsb' on input line 1371.
)
(c:/texlive/2020/texmf-dist/tex/generic/pgf/basiclayer/pgfcore.code.tex
Package: pgfcore 2020/01/08 v3.1.5b (3.1.5b)

(c:/texlive/2020/texmf-dist/tex/generic/pgf/math/pgfmath.code.tex
(c:/texlive/2020/texmf-dist/tex/generic/pgf/math/pgfmathcalc.code.tex
(c:/texlive/2020/texmf-dist/tex/generic/pgf/math/pgfmathutil.code.tex)
(c:/texlive/2020/texmf-dist/tex/generic/pgf/math/pgfmathparser.code.tex
\pgfmath@dimen=\dimen172
\pgfmath@count=\count268
\pgfmath@box=\box55
\pgfmath@toks=\toks24
\pgfmath@stack@operand=\toks25
\pgfmath@stack@operation=\toks26
)
(c:/texlive/2020/texmf-dist/tex/generic/pgf/math/pgfmathfunctions.code.tex
(c:/texlive/2020/texmf-dist/tex/generic/pgf/math/pgfmathfunctions.basic.code.te
x)
(c:/texlive/2020/texmf-dist/tex/generic/pgf/math/pgfmathfunctions.trigonometric
.code.tex)
(c:/texlive/2020/texmf-dist/tex/generic/pgf/math/pgfmathfunctions.random.code.t
ex)
(c:/texlive/2020/texmf-dist/tex/generic/pgf/math/pgfmathfunctions.comparison.co
de.tex)
(c:/texlive/2020/texmf-dist/tex/generic/pgf/math/pgfmathfunctions.base.code.tex
)
(c:/texlive/2020/texmf-dist/tex/generic/pgf/math/pgfmathfunctions.round.code.te
x)
(c:/texlive/2020/texmf-dist/tex/generic/pgf/math/pgfmathfunctions.misc.code.tex
)
(c:/texlive/2020/texmf-dist/tex/generic/pgf/math/pgfmathfunctions.integerarithm
etics.code.tex)))
(c:/texlive/2020/texmf-dist/tex/generic/pgf/math/pgfmathfloat.code.tex
\c@pgfmathroundto@lastzeros=\count269
))
(c:/texlive/2020/texmf-dist/tex/generic/pgf/math/pgfint.code.tex)
(c:/texlive/2020/texmf-dist/tex/generic/pgf/basiclayer/pgfcorepoints.code.tex
File: pgfcorepoints.code.tex 2020/01/08 v3.1.5b (3.1.5b)
\pgf@picminx=\dimen173
\pgf@picmaxx=\dimen174
\pgf@picminy=\dimen175
\pgf@picmaxy=\dimen176
\pgf@pathminx=\dimen177
\pgf@pathmaxx=\dimen178
\pgf@pathminy=\dimen179
\pgf@pathmaxy=\dimen180
\pgf@xx=\dimen181
\pgf@xy=\dimen182
\pgf@yx=\dimen183
\pgf@yy=\dimen184
\pgf@zx=\dimen185
\pgf@zy=\dimen186
)
(c:/texlive/2020/texmf-dist/tex/generic/pgf/basiclayer/pgfcorepathconstruct.cod
e.tex
File: pgfcorepathconstruct.code.tex 2020/01/08 v3.1.5b (3.1.5b)
\pgf@path@lastx=\dimen187
\pgf@path@lasty=\dimen188
)
(c:/texlive/2020/texmf-dist/tex/generic/pgf/basiclayer/pgfcorepathusage.code.te
x
File: pgfcorepathusage.code.tex 2020/01/08 v3.1.5b (3.1.5b)
\pgf@shorten@end@additional=\dimen189
\pgf@shorten@start@additional=\dimen190
)
(c:/texlive/2020/texmf-dist/tex/generic/pgf/basiclayer/pgfcorescopes.code.tex
File: pgfcorescopes.code.tex 2020/01/08 v3.1.5b (3.1.5b)
\pgfpic=\box56
\pgf@hbox=\box57
\pgf@layerbox@main=\box58
\pgf@picture@serial@count=\count270
)
(c:/texlive/2020/texmf-dist/tex/generic/pgf/basiclayer/pgfcoregraphicstate.code
.tex
File: pgfcoregraphicstate.code.tex 2020/01/08 v3.1.5b (3.1.5b)
\pgflinewidth=\dimen191
)
(c:/texlive/2020/texmf-dist/tex/generic/pgf/basiclayer/pgfcoretransformations.c
ode.tex
File: pgfcoretransformations.code.tex 2020/01/08 v3.1.5b (3.1.5b)
\pgf@pt@x=\dimen192
\pgf@pt@y=\dimen193
\pgf@pt@temp=\dimen194
)
(c:/texlive/2020/texmf-dist/tex/generic/pgf/basiclayer/pgfcorequick.code.tex
File: pgfcorequick.code.tex 2020/01/08 v3.1.5b (3.1.5b)
)
(c:/texlive/2020/texmf-dist/tex/generic/pgf/basiclayer/pgfcoreobjects.code.tex
File: pgfcoreobjects.code.tex 2020/01/08 v3.1.5b (3.1.5b)
)
(c:/texlive/2020/texmf-dist/tex/generic/pgf/basiclayer/pgfcorepathprocessing.co
de.tex
File: pgfcorepathprocessing.code.tex 2020/01/08 v3.1.5b (3.1.5b)
)
(c:/texlive/2020/texmf-dist/tex/generic/pgf/basiclayer/pgfcorearrows.code.tex
File: pgfcorearrows.code.tex 2020/01/08 v3.1.5b (3.1.5b)
\pgfarrowsep=\dimen195
)
(c:/texlive/2020/texmf-dist/tex/generic/pgf/basiclayer/pgfcoreshade.code.tex
File: pgfcoreshade.code.tex 2020/01/08 v3.1.5b (3.1.5b)
\pgf@max=\dimen196
\pgf@sys@shading@range@num=\count271
\pgf@shadingcount=\count272
)
(c:/texlive/2020/texmf-dist/tex/generic/pgf/basiclayer/pgfcoreimage.code.tex
File: pgfcoreimage.code.tex 2020/01/08 v3.1.5b (3.1.5b)

(c:/texlive/2020/texmf-dist/tex/generic/pgf/basiclayer/pgfcoreexternal.code.tex
File: pgfcoreexternal.code.tex 2020/01/08 v3.1.5b (3.1.5b)
\pgfexternal@startupbox=\box59
))
(c:/texlive/2020/texmf-dist/tex/generic/pgf/basiclayer/pgfcorelayers.code.tex
File: pgfcorelayers.code.tex 2020/01/08 v3.1.5b (3.1.5b)
)
(c:/texlive/2020/texmf-dist/tex/generic/pgf/basiclayer/pgfcoretransparency.code
.tex
File: pgfcoretransparency.code.tex 2020/01/08 v3.1.5b (3.1.5b)
)
(c:/texlive/2020/texmf-dist/tex/generic/pgf/basiclayer/pgfcorepatterns.code.tex
File: pgfcorepatterns.code.tex 2020/01/08 v3.1.5b (3.1.5b)
) (c:/texlive/2020/texmf-dist/tex/generic/pgf/basiclayer/pgfcorerdf.code.tex
File: pgfcorerdf.code.tex 2020/01/08 v3.1.5b (3.1.5b)
))) (c:/texlive/2020/texmf-dist/tex/latex/pgf/utilities/xxcolor.sty
Package: xxcolor 2003/10/24 ver 0.1
\XC@nummixins=\count273
\XC@countmixins=\count274
)
(c:/texlive/2020/texmf-dist/tex/generic/atbegshi/atbegshi.sty
Package: atbegshi 2019/12/05 v1.19 At begin shipout hook (HO)

(c:/texlive/2020/texmf-dist/tex/generic/infwarerr/infwarerr.sty
Package: infwarerr 2019/12/03 v1.5 Providing info/warning/error messages (HO)
)
(c:/texlive/2020/texmf-dist/tex/generic/ltxcmds/ltxcmds.sty
Package: ltxcmds 2019/12/15 v1.24 LaTeX kernel commands for general use (HO)
))
(c:/texlive/2020/texmf-dist/tex/latex/hyperref/hyperref.sty
Package: hyperref 2020/01/14 v7.00d Hypertext links for LaTeX

(c:/texlive/2020/texmf-dist/tex/latex/pdftexcmds/pdftexcmds.sty
Package: pdftexcmds 2019/11/24 v0.31 Utility functions of pdfTeX for LuaTeX (HO
)
Package pdftexcmds Info: \pdf@primitive is available.
Package pdftexcmds Info: \pdf@ifprimitive is available.
Package pdftexcmds Info: \pdfdraftmode found.
)
(c:/texlive/2020/texmf-dist/tex/generic/kvsetkeys/kvsetkeys.sty
Package: kvsetkeys 2019/12/15 v1.18 Key value parser (HO)
)
(c:/texlive/2020/texmf-dist/tex/generic/kvdefinekeys/kvdefinekeys.sty
Package: kvdefinekeys 2019-12-19 v1.6 Define keys (HO)
)
(c:/texlive/2020/texmf-dist/tex/generic/pdfescape/pdfescape.sty
Package: pdfescape 2019/12/09 v1.15 Implements pdfTeX's escape features (HO)
)
(c:/texlive/2020/texmf-dist/tex/latex/hycolor/hycolor.sty
Package: hycolor 2020-01-27 v1.10 Color options for hyperref/bookmark (HO)
)
(c:/texlive/2020/texmf-dist/tex/latex/letltxmacro/letltxmacro.sty
Package: letltxmacro 2019/12/03 v1.6 Let assignment for LaTeX macros (HO)
)
(c:/texlive/2020/texmf-dist/tex/latex/auxhook/auxhook.sty
Package: auxhook 2019-12-17 v1.6 Hooks for auxiliary files (HO)
)
(c:/texlive/2020/texmf-dist/tex/latex/kvoptions/kvoptions.sty
Package: kvoptions 2019/11/29 v3.13 Key value format for package options (HO)
)
\@linkdim=\dimen197
\Hy@linkcounter=\count275
\Hy@pagecounter=\count276

(c:/texlive/2020/texmf-dist/tex/latex/hyperref/pd1enc.def
File: pd1enc.def 2020/01/14 v7.00d Hyperref: PDFDocEncoding definition (HO)
Now handling font encoding PD1 ...
... no UTF-8 mapping file for font encoding PD1
)
(c:/texlive/2020/texmf-dist/tex/generic/intcalc/intcalc.sty
Package: intcalc 2019/12/15 v1.3 Expandable calculations with integers (HO)
)
(c:/texlive/2020/texmf-dist/tex/generic/etexcmds/etexcmds.sty
Package: etexcmds 2019/12/15 v1.7 Avoid name clashes with e-TeX commands (HO)
)
\Hy@SavedSpaceFactor=\count277
Package hyperref Info: Option `bookmarks' set `true' on input line 4421.
Package hyperref Info: Option `bookmarksopen' set `true' on input line 4421.
Package hyperref Info: Option `implicit' set `false' on input line 4421.
Package hyperref Info: Hyper figures OFF on input line 4547.
Package hyperref Info: Link nesting OFF on input line 4552.
Package hyperref Info: Hyper index ON on input line 4555.
Package hyperref Info: Plain pages OFF on input line 4562.
Package hyperref Info: Backreferencing OFF on input line 4567.
Package hyperref Info: Implicit mode OFF; no redefinition of LaTeX internals.
Package hyperref Info: Bookmarks ON on input line 4800.
\c@Hy@tempcnt=\count278

(c:/texlive/2020/texmf-dist/tex/latex/url/url.sty
\Urlmuskip=\muskip16
Package: url 2013/09/16  ver 3.4  Verb mode for urls, etc.
)
LaTeX Info: Redefining \url on input line 5159.
\XeTeXLinkMargin=\dimen198

(c:/texlive/2020/texmf-dist/tex/generic/bitset/bitset.sty
Package: bitset 2019/12/09 v1.3 Handle bit-vector datatype (HO)

(c:/texlive/2020/texmf-dist/tex/generic/bigintcalc/bigintcalc.sty
Package: bigintcalc 2019/12/15 v1.5 Expandable calculations on big integers (HO
)
))
\Fld@menulength=\count279
\Field@Width=\dimen199
\Fld@charsize=\dimen256
Package hyperref Info: Hyper figures OFF on input line 6430.
Package hyperref Info: Link nesting OFF on input line 6435.
Package hyperref Info: Hyper index ON on input line 6438.
Package hyperref Info: backreferencing OFF on input line 6445.
Package hyperref Info: Link coloring OFF on input line 6450.
Package hyperref Info: Link coloring with OCG OFF on input line 6455.
Package hyperref Info: PDF/A mode OFF on input line 6460.
LaTeX Info: Redefining \ref on input line 6500.
LaTeX Info: Redefining \pageref on input line 6504.
\Hy@abspage=\count280


Package hyperref Message: Stopped early.

)
Package hyperref Info: Driver (autodetected): hpdftex.
 (c:/texlive/2020/texmf-dist/tex/latex/hyperref/hpdftex.def
File: hpdftex.def 2020/01/14 v7.00d Hyperref driver for pdfTeX

(c:/texlive/2020/texmf-dist/tex/latex/atveryend/atveryend.sty
Package: atveryend 2019-12-11 v1.11 Hooks at the very end of document (HO)
)
\Fld@listcount=\count281
\c@bookmark@seq@number=\count282

(c:/texlive/2020/texmf-dist/tex/latex/rerunfilecheck/rerunfilecheck.sty
Package: rerunfilecheck 2019/12/05 v1.9 Rerun checks for auxiliary files (HO)

(c:/texlive/2020/texmf-dist/tex/generic/uniquecounter/uniquecounter.sty
Package: uniquecounter 2019/12/15 v1.4 Provide unlimited unique counter (HO)
)
Package uniquecounter Info: New unique counter `rerunfilecheck' on input line 2
86.
))
(c:/texlive/2020/texmf-dist/tex/latex/beamer/beamerbaserequires.sty
(c:/texlive/2020/texmf-dist/tex/latex/beamer/beamerbasecompatibility.sty)
(c:/texlive/2020/texmf-dist/tex/latex/beamer/beamerbasefont.sty
(c:/texlive/2020/texmf-dist/tex/latex/amsfonts/amssymb.sty
Package: amssymb 2013/01/14 v3.01 AMS font symbols

(c:/texlive/2020/texmf-dist/tex/latex/amsfonts/amsfonts.sty
Package: amsfonts 2013/01/14 v3.01 Basic AMSFonts support
\@emptytoks=\toks27
\symAMSa=\mathgroup4
\symAMSb=\mathgroup5
LaTeX Font Info:    Redeclaring math symbol \hbar on input line 98.
LaTeX Font Info:    Overwriting math alphabet `\mathfrak' in version `bold'
(Font)                  U/euf/m/n --> U/euf/b/n on input line 106.
))
(c:/texlive/2020/texmf-dist/tex/latex/sansmathaccent/sansmathaccent.sty
Package: sansmathaccent 2020/01/31

(c:/texlive/2020/texmf-dist/tex/latex/koma-script/scrlfile.sty
Package: scrlfile 2020/01/24 v3.29 KOMA-Script package (loading files)
)))
(c:/texlive/2020/texmf-dist/tex/latex/beamer/beamerbasetranslator.sty
(c:/texlive/2020/texmf-dist/tex/latex/translator/translator.sty
Package: translator 2019-05-31 v1.12a Easy translation of strings in LaTeX
))
(c:/texlive/2020/texmf-dist/tex/latex/beamer/beamerbasemisc.sty)
(c:/texlive/2020/texmf-dist/tex/latex/beamer/beamerbasetwoscreens.sty)
(c:/texlive/2020/texmf-dist/tex/latex/beamer/beamerbaseoverlay.sty
\beamer@argscount=\count283
\beamer@lastskipcover=\skip50
\beamer@trivlistdepth=\count284
)
(c:/texlive/2020/texmf-dist/tex/latex/beamer/beamerbasetitle.sty)
(c:/texlive/2020/texmf-dist/tex/latex/beamer/beamerbasesection.sty
\c@lecture=\count285
\c@part=\count286
\c@section=\count287
\c@subsection=\count288
\c@subsubsection=\count289
)
(c:/texlive/2020/texmf-dist/tex/latex/beamer/beamerbaseframe.sty
\beamer@framebox=\box60
\beamer@frametitlebox=\box61
\beamer@zoombox=\box62
\beamer@zoomcount=\count290
\beamer@zoomframecount=\count291
\beamer@frametextheight=\dimen257
\c@subsectionslide=\count292
\beamer@frametopskip=\skip51
\beamer@framebottomskip=\skip52
\beamer@frametopskipautobreak=\skip53
\beamer@framebottomskipautobreak=\skip54
\beamer@envbody=\toks28
\framewidth=\dimen258
\c@framenumber=\count293
)
(c:/texlive/2020/texmf-dist/tex/latex/beamer/beamerbaseverbatim.sty
\beamer@verbatimfileout=\write4
)
(c:/texlive/2020/texmf-dist/tex/latex/beamer/beamerbaseframesize.sty
\beamer@splitbox=\box63
\beamer@autobreakcount=\count294
\beamer@autobreaklastheight=\dimen259
\beamer@frametitletoks=\toks29
\beamer@framesubtitletoks=\toks30
)
(c:/texlive/2020/texmf-dist/tex/latex/beamer/beamerbaseframecomponents.sty
\beamer@footins=\box64
)
(c:/texlive/2020/texmf-dist/tex/latex/beamer/beamerbasecolor.sty)
(c:/texlive/2020/texmf-dist/tex/latex/beamer/beamerbasenotes.sty
\beamer@frameboxcopy=\box65
)
(c:/texlive/2020/texmf-dist/tex/latex/beamer/beamerbasetoc.sty)
(c:/texlive/2020/texmf-dist/tex/latex/beamer/beamerbasetemplates.sty
\beamer@sbttoks=\toks31

(c:/texlive/2020/texmf-dist/tex/latex/beamer/beamerbaseauxtemplates.sty
(c:/texlive/2020/texmf-dist/tex/latex/beamer/beamerbaseboxes.sty
\bmb@box=\box66
\bmb@colorbox=\box67
\bmb@boxshadow=\box68
\bmb@boxshadowball=\box69
\bmb@boxshadowballlarge=\box70
\bmb@temp=\dimen260
\bmb@dima=\dimen261
\bmb@dimb=\dimen262
\bmb@prevheight=\dimen263
)
\beamer@blockheadheight=\dimen264
))
(c:/texlive/2020/texmf-dist/tex/latex/beamer/beamerbaselocalstructure.sty
(c:/texlive/2020/texmf-dist/tex/latex/tools/enumerate.sty
Package: enumerate 2015/07/23 v3.00 enumerate extensions (DPC)
\@enLab=\toks32
)
\c@figure=\count295
\c@table=\count296
\abovecaptionskip=\skip55
\belowcaptionskip=\skip56
)
(c:/texlive/2020/texmf-dist/tex/latex/beamer/beamerbasenavigation.sty
\beamer@section@min@dim=\dimen265
)
(c:/texlive/2020/texmf-dist/tex/latex/beamer/beamerbasetheorems.sty
(c:/texlive/2020/texmf-dist/tex/latex/amsmath/amsmath.sty
Package: amsmath 2020/01/20 v2.17e AMS math features
\@mathmargin=\skip57

For additional information on amsmath, use the `?' option.
(c:/texlive/2020/texmf-dist/tex/latex/amsmath/amstext.sty
Package: amstext 2000/06/29 v2.01 AMS text

(c:/texlive/2020/texmf-dist/tex/latex/amsmath/amsgen.sty
File: amsgen.sty 1999/11/30 v2.0 generic functions
\@emptytoks=\toks33
\ex@=\dimen266
))
(c:/texlive/2020/texmf-dist/tex/latex/amsmath/amsbsy.sty
Package: amsbsy 1999/11/29 v1.2d Bold Symbols
\pmbraise@=\dimen267
)
(c:/texlive/2020/texmf-dist/tex/latex/amsmath/amsopn.sty
Package: amsopn 2016/03/08 v2.02 operator names
)
\inf@bad=\count297
LaTeX Info: Redefining \frac on input line 227.
\uproot@=\count298
\leftroot@=\count299
LaTeX Info: Redefining \overline on input line 389.
\classnum@=\count300
\DOTSCASE@=\count301
LaTeX Info: Redefining \ldots on input line 486.
LaTeX Info: Redefining \dots on input line 489.
LaTeX Info: Redefining \cdots on input line 610.
\Mathstrutbox@=\box71
\strutbox@=\box72
\big@size=\dimen268
LaTeX Font Info:    Redeclaring font encoding OML on input line 733.
LaTeX Font Info:    Redeclaring font encoding OMS on input line 734.
\macc@depth=\count302
\c@MaxMatrixCols=\count303
\dotsspace@=\muskip17
\c@parentequation=\count304
\dspbrk@lvl=\count305
\tag@help=\toks34
\row@=\count306
\column@=\count307
\maxfields@=\count308
\andhelp@=\toks35
\eqnshift@=\dimen269
\alignsep@=\dimen270
\tagshift@=\dimen271
\tagwidth@=\dimen272
\totwidth@=\dimen273
\lineht@=\dimen274
\@envbody=\toks36
\multlinegap=\skip58
\multlinetaggap=\skip59
\mathdisplay@stack=\toks37
LaTeX Info: Redefining \[ on input line 2859.
LaTeX Info: Redefining \] on input line 2860.
)
(c:/texlive/2020/texmf-dist/tex/latex/amscls/amsthm.sty
Package: amsthm 2017/10/31 v2.20.4
\thm@style=\toks38
\thm@bodyfont=\toks39
\thm@headfont=\toks40
\thm@notefont=\toks41
\thm@headpunct=\toks42
\thm@preskip=\skip60
\thm@postskip=\skip61
\thm@headsep=\skip62
\dth@everypar=\toks43
)
\c@theorem=\count309
)
(c:/texlive/2020/texmf-dist/tex/latex/beamer/beamerbasethemes.sty))
(c:/texlive/2020/texmf-dist/tex/latex/beamer/beamerthemedefault.sty
(c:/texlive/2020/texmf-dist/tex/latex/beamer/beamerfontthemedefault.sty)
(c:/texlive/2020/texmf-dist/tex/latex/beamer/beamercolorthemedefault.sty)
(c:/texlive/2020/texmf-dist/tex/latex/beamer/beamerinnerthemedefault.sty
\beamer@dima=\dimen275
\beamer@dimb=\dimen276
)
(c:/texlive/2020/texmf-dist/tex/latex/beamer/beamerouterthemedefault.sty)))
(c:/texlive/2020/texmf-dist/tex/latex/beamer/beamerthemeMadrid.sty
(c:/texlive/2020/texmf-dist/tex/latex/beamer/beamercolorthemewhale.sty)
(c:/texlive/2020/texmf-dist/tex/latex/beamer/beamercolorthemeorchid.sty)
(c:/texlive/2020/texmf-dist/tex/latex/beamer/beamerinnerthemerounded.sty)
(c:/texlive/2020/texmf-dist/tex/latex/beamer/beamerouterthemeinfolines.sty))
(c:/texlive/2020/texmf-dist/tex/latex/comment/comment.sty
\CommentStream=\write5

Excluding comment 'comment')
(c:/texlive/2020/texmf-dist/tex/latex/ragged2e/ragged2e.sty
Package: ragged2e 2019/07/28 v2.2 ragged2e Package (MS)

(c:/texlive/2020/texmf-dist/tex/latex/ms/everysel.sty
Package: everysel 2011/10/28 v1.2 EverySelectfont Package (MS)
)
\CenteringLeftskip=\skip63
\RaggedLeftLeftskip=\skip64
\RaggedRightLeftskip=\skip65
\CenteringRightskip=\skip66
\RaggedLeftRightskip=\skip67
\RaggedRightRightskip=\skip68
\CenteringParfillskip=\skip69
\RaggedLeftParfillskip=\skip70
\RaggedRightParfillskip=\skip71
\JustifyingParfillskip=\skip72
\CenteringParindent=\skip73
\RaggedLeftParindent=\skip74
\RaggedRightParindent=\skip75
\JustifyingParindent=\skip76
)
(c:/texlive/2020/texmf-dist/tex/latex/multirow/multirow.sty
Package: multirow 2019/05/31 v2.5 Span multiple rows of a table
\multirow@colwidth=\skip77
\multirow@cntb=\count310
\multirow@dima=\skip78
\bigstrutjot=\dimen277
)
(c:/texlive/2020/texmf-dist/tex/latex/tools/multicol.sty
Package: multicol 2019/12/09 v1.8y multicolumn formatting (FMi)
\c@tracingmulticols=\count311
\mult@box=\box73
\multicol@leftmargin=\dimen278
\c@unbalance=\count312
\c@collectmore=\count313
\doublecol@number=\count314
\multicoltolerance=\count315
\multicolpretolerance=\count316
\full@width=\dimen279
\page@free=\dimen280
\premulticols=\dimen281
\postmulticols=\dimen282
\multicolsep=\skip79
\multicolbaselineskip=\skip80
\partial@page=\box74
\last@line=\box75
\maxbalancingoverflow=\dimen283
\mult@rightbox=\box76
\mult@grightbox=\box77
\mult@gfirstbox=\box78
\mult@firstbox=\box79
\@tempa=\box80
\@tempa=\box81
\@tempa=\box82
\@tempa=\box83
\@tempa=\box84
\@tempa=\box85
\@tempa=\box86
\@tempa=\box87
\@tempa=\box88
\@tempa=\box89
\@tempa=\box90
\@tempa=\box91
\@tempa=\box92
\@tempa=\box93
\@tempa=\box94
\@tempa=\box95
\@tempa=\box96
\@tempa=\box97
\@tempa=\box98
\@tempa=\box99
\@tempa=\box100
\@tempa=\box101
\@tempa=\box102
\@tempa=\box103
\@tempa=\box104
\@tempa=\box105
\@tempa=\box106
\@tempa=\box107
\@tempa=\box108
\@tempa=\box109
\@tempa=\box110
\@tempa=\box111
\@tempa=\box112
\@tempa=\box113
\@tempa=\box114
\@tempa=\box115
\@tempa=\box116
\c@minrows=\count317
\c@columnbadness=\count318
\c@finalcolumnbadness=\count319
\last@try=\dimen284
\multicolovershoot=\dimen285
\multicolundershoot=\dimen286
\mult@nat@firstbox=\box117
\colbreak@box=\box118
\mc@col@check@num=\count320
)
(c:/texlive/2020/texmf-dist/tex/latex/caption/caption.sty
Package: caption 2020/01/03 v3.4h Customizing captions (AR)

(c:/texlive/2020/texmf-dist/tex/latex/caption/caption3.sty
Package: caption3 2020/01/03 v1.8h caption3 kernel (AR)
Package caption3 Info: TeX engine: e-TeX on input line 61.
\captionmargin=\dimen287
\captionmargin@=\dimen288
\captionwidth=\dimen289
\caption@tempdima=\dimen290
\caption@indent=\dimen291
\caption@parindent=\dimen292
\caption@hangindent=\dimen293
Package caption Info: beamer document class detected.
)
\c@caption@flags=\count321
\c@continuedfloat=\count322
Package caption Info: beamer document class.
Package caption Info: hyperref package is loaded.
Package caption Info: Hyperref support is turned off
(caption)             because hyperref has stopped early.
)
(c:/texlive/2020/texmf-dist/tex/latex/pgf/frontendlayer/tikz.sty
(c:/texlive/2020/texmf-dist/tex/latex/pgf/basiclayer/pgf.sty
Package: pgf 2020/01/08 v3.1.5b (3.1.5b)

(c:/texlive/2020/texmf-dist/tex/generic/pgf/modules/pgfmoduleshapes.code.tex
File: pgfmoduleshapes.code.tex 2020/01/08 v3.1.5b (3.1.5b)
\pgfnodeparttextbox=\box119
)
(c:/texlive/2020/texmf-dist/tex/generic/pgf/modules/pgfmoduleplot.code.tex
File: pgfmoduleplot.code.tex 2020/01/08 v3.1.5b (3.1.5b)
)
(c:/texlive/2020/texmf-dist/tex/latex/pgf/compatibility/pgfcomp-version-0-65.st
y
Package: pgfcomp-version-0-65 2020/01/08 v3.1.5b (3.1.5b)
\pgf@nodesepstart=\dimen294
\pgf@nodesepend=\dimen295
)
(c:/texlive/2020/texmf-dist/tex/latex/pgf/compatibility/pgfcomp-version-1-18.st
y
Package: pgfcomp-version-1-18 2020/01/08 v3.1.5b (3.1.5b)
)) (c:/texlive/2020/texmf-dist/tex/latex/pgf/utilities/pgffor.sty
(c:/texlive/2020/texmf-dist/tex/latex/pgf/utilities/pgfkeys.sty
(c:/texlive/2020/texmf-dist/tex/generic/pgf/utilities/pgfkeys.code.tex))
(c:/texlive/2020/texmf-dist/tex/latex/pgf/math/pgfmath.sty
(c:/texlive/2020/texmf-dist/tex/generic/pgf/math/pgfmath.code.tex))
(c:/texlive/2020/texmf-dist/tex/generic/pgf/utilities/pgffor.code.tex
Package: pgffor 2020/01/08 v3.1.5b (3.1.5b)

(c:/texlive/2020/texmf-dist/tex/generic/pgf/math/pgfmath.code.tex)
\pgffor@iter=\dimen296
\pgffor@skip=\dimen297
\pgffor@stack=\toks44
\pgffor@toks=\toks45
))
(c:/texlive/2020/texmf-dist/tex/generic/pgf/frontendlayer/tikz/tikz.code.tex
Package: tikz 2020/01/08 v3.1.5b (3.1.5b)

(c:/texlive/2020/texmf-dist/tex/generic/pgf/libraries/pgflibraryplothandlers.co
de.tex
File: pgflibraryplothandlers.code.tex 2020/01/08 v3.1.5b (3.1.5b)
\pgf@plot@mark@count=\count323
\pgfplotmarksize=\dimen298
)
\tikz@lastx=\dimen299
\tikz@lasty=\dimen300
\tikz@lastxsaved=\dimen301
\tikz@lastysaved=\dimen302
\tikz@lastmovetox=\dimen303
\tikz@lastmovetoy=\dimen304
\tikzleveldistance=\dimen305
\tikzsiblingdistance=\dimen306
\tikz@figbox=\box120
\tikz@figbox@bg=\box121
\tikz@tempbox=\box122
\tikz@tempbox@bg=\box123
\tikztreelevel=\count324
\tikznumberofchildren=\count325
\tikznumberofcurrentchild=\count326
\tikz@fig@count=\count327

(c:/texlive/2020/texmf-dist/tex/generic/pgf/modules/pgfmodulematrix.code.tex
File: pgfmodulematrix.code.tex 2020/01/08 v3.1.5b (3.1.5b)
\pgfmatrixcurrentrow=\count328
\pgfmatrixcurrentcolumn=\count329
\pgf@matrix@numberofcolumns=\count330
)
\tikz@expandcount=\count331

(c:/texlive/2020/texmf-dist/tex/generic/pgf/frontendlayer/tikz/libraries/tikzli
brarytopaths.code.tex
File: tikzlibrarytopaths.code.tex 2020/01/08 v3.1.5b (3.1.5b)
)))
(c:/texlive/2020/texmf-dist/tex/generic/pgf/frontendlayer/tikz/libraries/tikzli
braryshapes.multipart.code.tex
File: tikzlibraryshapes.multipart.code.tex 2020/01/08 v3.1.5b (3.1.5b)

(c:/texlive/2020/texmf-dist/tex/generic/pgf/libraries/shapes/pgflibraryshapes.m
ultipart.code.tex
File: pgflibraryshapes.multipart.code.tex 2020/01/08 v3.1.5b (3.1.5b)
\pgfnodepartlowerbox=\box124
\pgfnodeparttwobox=\box125
\pgfnodepartthreebox=\box126
\pgfnodepartfourbox=\box127
\pgfnodeparttwentybox=\box128
\pgfnodepartnineteenbox=\box129
\pgfnodeparteighteenbox=\box130
\pgfnodepartseventeenbox=\box131
\pgfnodepartsixteenbox=\box132
\pgfnodepartfifteenbox=\box133
\pgfnodepartfourteenbox=\box134
\pgfnodepartthirteenbox=\box135
\pgfnodeparttwelvebox=\box136
\pgfnodepartelevenbox=\box137
\pgfnodeparttenbox=\box138
\pgfnodepartninebox=\box139
\pgfnodeparteightbox=\box140
\pgfnodepartsevenbox=\box141
\pgfnodepartsixbox=\box142
\pgfnodepartfivebox=\box143
))
(c:/texlive/2020/texmf-dist/tex/generic/pgf/frontendlayer/tikz/libraries/tikzli
brarycalc.code.tex
File: tikzlibrarycalc.code.tex 2020/01/08 v3.1.5b (3.1.5b)
) (c:/texlive/2020/texmf-dist/tex/latex/booktabs/booktabs.sty
Package: booktabs 2020/01/12 v1.61803398 Publication quality tables
\heavyrulewidth=\dimen307
\lightrulewidth=\dimen308
\cmidrulewidth=\dimen309
\belowrulesep=\dimen310
\belowbottomsep=\dimen311
\aboverulesep=\dimen312
\abovetopsep=\dimen313
\cmidrulesep=\dimen314
\cmidrulekern=\dimen315
\defaultaddspace=\dimen316
\@cmidla=\count332
\@cmidlb=\count333
\@aboverulesep=\dimen317
\@belowrulesep=\dimen318
\@thisruleclass=\count334
\@lastruleclass=\count335
\@thisrulewidth=\dimen319
) (c:/texlive/2020/texmf-dist/tex/latex/tabu/tabu.sty
Package: tabu 2019/01/11 v2.9 - flexible LaTeX tabulars (FC+tabu-fixed)

(c:/texlive/2020/texmf-dist/tex/latex/tools/array.sty
Package: array 2019/08/31 v2.4l Tabular extension package (FMi)
\col@sep=\dimen320
\ar@mcellbox=\box144
\extrarowheight=\dimen321
\NC@list=\toks46
\extratabsurround=\skip81
\backup@length=\skip82
\ar@cellbox=\box145
)
(c:/texlive/2020/texmf-dist/tex/latex/varwidth/varwidth.sty
Package: varwidth 2009/03/30 ver 0.92;  Variable-width minipages
\@vwid@box=\box146
\sift@deathcycles=\count336
\@vwid@loff=\dimen322
\@vwid@roff=\dimen323
)
\c@taburow=\count337
\tabu@nbcols=\count338
\tabu@cnt=\count339
\tabu@Xcol=\count340
\tabu@alloc=\count341
\tabu@nested=\count342
\tabu@target=\dimen324
\tabu@spreadtarget=\dimen325
\tabu@naturalX=\dimen326
\tabucolX=\dimen327
\tabu@Xsum=\dimen328
\extrarowdepth=\dimen329
\abovetabulinesep=\dimen330
\belowtabulinesep=\dimen331
\tabustrutrule=\dimen332
\tabu@thebody=\toks47
\tabu@footnotes=\toks48
\tabu@box=\box147
\tabu@arstrutbox=\box148
\tabu@hleads=\box149
\tabu@vleads=\box150
\tabu@cellskip=\skip83
)
(c:/texlive/2020/texmf-dist/tex/generic/pgf/frontendlayer/tikz/libraries/tikzli
braryarrows.code.tex
File: tikzlibraryarrows.code.tex 2020/01/08 v3.1.5b (3.1.5b)

(c:/texlive/2020/texmf-dist/tex/generic/pgf/libraries/pgflibraryarrows.code.tex
File: pgflibraryarrows.code.tex 2020/01/08 v3.1.5b (3.1.5b)
\arrowsize=\dimen333
)) (c:/texlive/2020/texmf-dist/tex/latex/appendix/appendix.sty
Package: appendix 2020/02/08 v1.2c extra appendix facilities
\c@@pps=\count343
\c@@ppsavesec=\count344
\c@@ppsaveapp=\count345
)
(c:/texlive/2020/texmf-dist/tex/latex/appendixnumberbeamer/appendixnumberbeamer
.sty)
Package hyperref Info: Option `colorlinks' set `false' on input line 26.
 (c:/texlive/2020/texmf-dist/tex/latex/natbib/natbib.sty
Package: natbib 2010/09/13 8.31b (PWD, AO)
\bibhang=\skip84
\bibsep=\skip85
LaTeX Info: Redefining \cite on input line 694.
\c@NAT@ctr=\count346
)

Package hyperref Warning: Token not allowed in a PDF string (PDFDocEncoding):
(hyperref)                \hskip 21.90005pt
(hyperref)                replaced by space on input line 40.


Package hyperref Warning: Token not allowed in a PDF string (PDFDocEncoding):
(hyperref)                \hskip 21.90005pt
(hyperref)                replaced by space on input line 40.

(c:/texlive/2020/texmf-dist/tex/latex/l3backend/l3backend-pdfmode.def
File: l3backend-pdfmode.def 2020-03-12 L3 backend support: PDF mode
\l__kernel_color_stack_int=\count347
\l__pdf_internal_box=\box151
)
(./Connected Stocks - Slide.aux

LaTeX Warning: Label `Monthly14' multiply defined.

)
\openout1 = `"Connected Stocks - Slide.aux"'.

LaTeX Font Info:    Checking defaults for OML/cmm/m/it on input line 83.
LaTeX Font Info:    ... okay on input line 83.
LaTeX Font Info:    Checking defaults for OMS/cmsy/m/n on input line 83.
LaTeX Font Info:    ... okay on input line 83.
LaTeX Font Info:    Checking defaults for OT1/cmr/m/n on input line 83.
LaTeX Font Info:    ... okay on input line 83.
LaTeX Font Info:    Checking defaults for T1/cmr/m/n on input line 83.
LaTeX Font Info:    ... okay on input line 83.
LaTeX Font Info:    Checking defaults for TS1/cmr/m/n on input line 83.
LaTeX Font Info:    ... okay on input line 83.
LaTeX Font Info:    Checking defaults for OMX/cmex/m/n on input line 83.
LaTeX Font Info:    ... okay on input line 83.
LaTeX Font Info:    Checking defaults for U/cmr/m/n on input line 83.
LaTeX Font Info:    ... okay on input line 83.
LaTeX Font Info:    Checking defaults for PD1/pdf/m/n on input line 83.
LaTeX Font Info:    ... okay on input line 83.

*geometry* driver: auto-detecting
*geometry* detected driver: pdftex
*geometry* verbose mode - [ preamble ] result:
* driver: pdftex
* paper: custom
* layout: <same size as paper>
* layoutoffset:(h,v)=(0.0pt,0.0pt)
* modes: includehead includefoot 
* h-part:(L,W,R)=(10.95003pt, 342.2953pt, 10.95003pt)
* v-part:(T,H,B)=(0.0pt, 273.14662pt, 0.0pt)
* \paperwidth=364.19536pt
* \paperheight=273.14662pt
* \textwidth=342.2953pt
* \textheight=244.6939pt
* \oddsidemargin=-61.31996pt
* \evensidemargin=-61.31996pt
* \topmargin=-72.26999pt
* \headheight=14.22636pt
* \headsep=0.0pt
* \topskip=11.0pt
* \footskip=14.22636pt
* \marginparwidth=4.0pt
* \marginparsep=10.0pt
* \columnsep=10.0pt
* \skip\footins=10.0pt plus 4.0pt minus 2.0pt
* \hoffset=0.0pt
* \voffset=0.0pt
* \mag=1000
* \@twocolumnfalse
* \@twosidefalse
* \@mparswitchfalse
* \@reversemarginfalse
* (1in=72.27pt=25.4mm, 1cm=28.453pt)

(c:/texlive/2020/texmf-dist/tex/context/base/mkii/supp-pdf.mkii
[Loading MPS to PDF converter (version 2006.09.02).]
\scratchcounter=\count348
\scratchdimen=\dimen334
\scratchbox=\box152
\nofMPsegments=\count349
\nofMParguments=\count350
\everyMPshowfont=\toks49
\MPscratchCnt=\count351
\MPscratchDim=\dimen335
\MPnumerator=\count352
\makeMPintoPDFobject=\count353
\everyMPtoPDFconversion=\toks50
) (c:/texlive/2020/texmf-dist/tex/latex/epstopdf-pkg/epstopdf-base.sty
Package: epstopdf-base 2020-01-24 v2.11 Base part for package epstopdf
Package epstopdf-base Info: Redefining graphics rule for `.eps' on input line 4
85.

(c:/texlive/2020/texmf-dist/tex/latex/latexconfig/epstopdf-sys.cfg
File: epstopdf-sys.cfg 2010/07/13 v1.3 Configuration of (r)epstopdf for TeX Liv
e
))
ABD: EveryShipout initializing macros
\AtBeginShipoutBox=\box153
Package hyperref Info: Link coloring OFF on input line 83.

(c:/texlive/2020/texmf-dist/tex/latex/hyperref/nameref.sty
Package: nameref 2019/09/16 v2.46 Cross-referencing by name of section

(c:/texlive/2020/texmf-dist/tex/latex/refcount/refcount.sty
Package: refcount 2019/12/15 v3.6 Data extraction from label references (HO)
)
(c:/texlive/2020/texmf-dist/tex/generic/gettitlestring/gettitlestring.sty
Package: gettitlestring 2019/12/15 v1.6 Cleanup title references (HO)
)
\c@section@level=\count354
)
LaTeX Info: Redefining \ref on input line 83.
LaTeX Info: Redefining \pageref on input line 83.
LaTeX Info: Redefining \nameref on input line 83.

(./Connected Stocks - Slide.out) (./Connected Stocks - Slide.out)
\@outlinefile=\write6
\openout6 = `"Connected Stocks - Slide.out"'.

LaTeX Font Info:    Overwriting symbol font `operators' in version `normal'
(Font)                  OT1/cmr/m/n --> OT1/cmss/m/n on input line 83.
LaTeX Font Info:    Overwriting symbol font `operators' in version `bold'
(Font)                  OT1/cmr/bx/n --> OT1/cmss/b/n on input line 83.
\symnumbers=\mathgroup6
\sympureletters=\mathgroup7
LaTeX Font Info:    Overwriting math alphabet `\mathrm' in version `normal'
(Font)                  OT1/cmss/m/n --> OT1/cmr/m/n on input line 83.
LaTeX Font Info:    Redeclaring math alphabet \mathbf on input line 83.
LaTeX Font Info:    Overwriting math alphabet `\mathbf' in version `normal'
(Font)                  OT1/cmr/bx/n --> OT1/cmss/b/n on input line 83.
LaTeX Font Info:    Overwriting math alphabet `\mathbf' in version `bold'
(Font)                  OT1/cmr/bx/n --> OT1/cmss/b/n on input line 83.
LaTeX Font Info:    Redeclaring math alphabet \mathsf on input line 83.
LaTeX Font Info:    Overwriting math alphabet `\mathsf' in version `normal'
(Font)                  OT1/cmss/m/n --> OT1/cmss/m/n on input line 83.
LaTeX Font Info:    Overwriting math alphabet `\mathsf' in version `bold'
(Font)                  OT1/cmss/bx/n --> OT1/cmss/m/n on input line 83.
LaTeX Font Info:    Redeclaring math alphabet \mathit on input line 83.
LaTeX Font Info:    Overwriting math alphabet `\mathit' in version `normal'
(Font)                  OT1/cmr/m/it --> OT1/cmss/m/it on input line 83.
LaTeX Font Info:    Overwriting math alphabet `\mathit' in version `bold'
(Font)                  OT1/cmr/bx/it --> OT1/cmss/m/it on input line 83.
LaTeX Font Info:    Redeclaring math alphabet \mathtt on input line 83.
LaTeX Font Info:    Overwriting math alphabet `\mathtt' in version `normal'
(Font)                  OT1/cmtt/m/n --> OT1/cmtt/m/n on input line 83.
LaTeX Font Info:    Overwriting math alphabet `\mathtt' in version `bold'
(Font)                  OT1/cmtt/m/n --> OT1/cmtt/m/n on input line 83.
LaTeX Font Info:    Overwriting symbol font `numbers' in version `bold'
(Font)                  OT1/cmss/m/n --> OT1/cmss/b/n on input line 83.
LaTeX Font Info:    Overwriting symbol font `pureletters' in version `bold'
(Font)                  OT1/cmss/m/it --> OT1/cmss/b/it on input line 83.
LaTeX Font Info:    Overwriting math alphabet `\mathrm' in version `bold'
(Font)                  OT1/cmss/b/n --> OT1/cmr/b/n on input line 83.
LaTeX Font Info:    Overwriting math alphabet `\mathbf' in version `bold'
(Font)                  OT1/cmss/b/n --> OT1/cmss/b/n on input line 83.
LaTeX Font Info:    Overwriting math alphabet `\mathsf' in version `bold'
(Font)                  OT1/cmss/m/n --> OT1/cmss/b/n on input line 83.
LaTeX Font Info:    Overwriting math alphabet `\mathit' in version `bold'
(Font)                  OT1/cmss/m/it --> OT1/cmss/b/it on input line 83.
LaTeX Font Info:    Overwriting math alphabet `\mathtt' in version `bold'
(Font)                  OT1/cmtt/m/n --> OT1/cmtt/b/n on input line 83.
LaTeX Font Info:    Redeclaring symbol font `pureletters' on input line 83.
LaTeX Font Info:    Overwriting symbol font `pureletters' in version `normal'
(Font)                  OT1/cmss/m/it --> OT1/mathkerncmss/m/sl on input line 8
3.
LaTeX Font Info:    Overwriting symbol font `pureletters' in version `bold'
(Font)                  OT1/cmss/b/it --> OT1/mathkerncmss/m/sl on input line 8
3.
LaTeX Font Info:    Overwriting symbol font `pureletters' in version `bold'
(Font)                  OT1/mathkerncmss/m/sl --> OT1/mathkerncmss/bx/sl on inp
ut line 83.

(c:/texlive/2020/texmf-dist/tex/latex/translator/translator-basic-dictionary-En
glish.dict
Dictionary: translator-basic-dictionary, Language: English 
)
(c:/texlive/2020/texmf-dist/tex/latex/translator/translator-bibliography-dictio
nary-English.dict
Dictionary: translator-bibliography-dictionary, Language: English 
)
(c:/texlive/2020/texmf-dist/tex/latex/translator/translator-environment-diction
ary-English.dict
Dictionary: translator-environment-dictionary, Language: English 
)
(c:/texlive/2020/texmf-dist/tex/latex/translator/translator-months-dictionary-E
nglish.dict
Dictionary: translator-months-dictionary, Language: English 
)
(c:/texlive/2020/texmf-dist/tex/latex/translator/translator-numbers-dictionary-
English.dict
Dictionary: translator-numbers-dictionary, Language: English 
)
(c:/texlive/2020/texmf-dist/tex/latex/translator/translator-theorem-dictionary-
English.dict
Dictionary: translator-theorem-dictionary, Language: English 
) ABD: EverySelectfont initializing macros
LaTeX Info: Redefining \selectfont on input line 83.
Package caption Info: Begin \AtBeginDocument code.
Package caption Info: End \AtBeginDocument code.

(./Connected Stocks - Slide.nav) [1

{c:/texlive/2020/texmf-var/fonts/map/pdftex/updmap/pdftex.map}] (./Connected St
ocks - Slide.toc) [2

]
LaTeX Font Info:    Trying to load font information for U+msa on input line 103
.

(c:/texlive/2020/texmf-dist/tex/latex/amsfonts/umsa.fd
File: umsa.fd 2013/01/14 v3.01 AMS symbols A
)
LaTeX Font Info:    Trying to load font information for U+msb on input line 103
.

(c:/texlive/2020/texmf-dist/tex/latex/amsfonts/umsb.fd
File: umsb.fd 2013/01/14 v3.01 AMS symbols B
)
LaTeX Font Info:    Trying to load font information for OT1+mathkerncmss on inp
ut line 103.

(c:/texlive/2020/texmf-dist/tex/latex/sansmathaccent/ot1mathkerncmss.fd
File: ot1mathkerncmss.fd 2020/01/31 Fontinst v1.933 font definitions for OT1/ma
thkerncmss.
)
[3

] [4

] (./Connected Stocks - Slide.toc) [5

] [6

] [7

] [8

]
Missing character: There is no [ in font nullfont!
Missing character: There is no e in font nullfont!
Missing character: There is no v in font nullfont!
Missing character: There is no e in font nullfont!
Missing character: There is no r in font nullfont!
Missing character: There is no y in font nullfont!
Missing character: There is no t in font nullfont!
Missing character: There is no e in font nullfont!
Missing character: There is no x in font nullfont!
Missing character: There is no t in font nullfont!
Missing character: There is no n in font nullfont!
Missing character: There is no o in font nullfont!
Missing character: There is no d in font nullfont!
Missing character: There is no e in font nullfont!
Missing character: There is no p in font nullfont!
Missing character: There is no a in font nullfont!
Missing character: There is no r in font nullfont!
Missing character: There is no t in font nullfont!
Missing character: There is no / in font nullfont!
Missing character: There is no . in font nullfont!
Missing character: There is no s in font nullfont!
Missing character: There is no t in font nullfont!
Missing character: There is no y in font nullfont!
Missing character: There is no l in font nullfont!
Missing character: There is no e in font nullfont!
Missing character: There is no = in font nullfont!
Missing character: There is no a in font nullfont!
Missing character: There is no l in font nullfont!
Missing character: There is no i in font nullfont!
Missing character: There is no g in font nullfont!
Missing character: There is no n in font nullfont!
Missing character: There is no = in font nullfont!
Missing character: There is no c in font nullfont!
Missing character: There is no e in font nullfont!
Missing character: There is no n in font nullfont!
Missing character: There is no t in font nullfont!
Missing character: There is no e in font nullfont!
Missing character: There is no r in font nullfont!
Missing character: There is no ] in font nullfont!
 [9

]
Missing character: There is no [ in font nullfont!
Missing character: There is no e in font nullfont!
Missing character: There is no v in font nullfont!
Missing character: There is no e in font nullfont!
Missing character: There is no r in font nullfont!
Missing character: There is no y in font nullfont!
Missing character: There is no t in font nullfont!
Missing character: There is no e in font nullfont!
Missing character: There is no x in font nullfont!
Missing character: There is no t in font nullfont!
Missing character: There is no n in font nullfont!
Missing character: There is no o in font nullfont!
Missing character: There is no d in font nullfont!
Missing character: There is no e in font nullfont!
Missing character: There is no p in font nullfont!
Missing character: There is no a in font nullfont!
Missing character: There is no r in font nullfont!
Missing character: There is no t in font nullfont!
Missing character: There is no / in font nullfont!
Missing character: There is no . in font nullfont!
Missing character: There is no s in font nullfont!
Missing character: There is no t in font nullfont!
Missing character: There is no y in font nullfont!
Missing character: There is no l in font nullfont!
Missing character: There is no e in font nullfont!
Missing character: There is no = in font nullfont!
Missing character: There is no a in font nullfont!
Missing character: There is no l in font nullfont!
Missing character: There is no i in font nullfont!
Missing character: There is no g in font nullfont!
Missing character: There is no n in font nullfont!
Missing character: There is no = in font nullfont!
Missing character: There is no c in font nullfont!
Missing character: There is no e in font nullfont!
Missing character: There is no n in font nullfont!
Missing character: There is no t in font nullfont!
Missing character: There is no e in font nullfont!
Missing character: There is no r in font nullfont!
Missing character: There is no ] in font nullfont!
 [10

]
Missing character: There is no [ in font nullfont!
Missing character: There is no e in font nullfont!
Missing character: There is no v in font nullfont!
Missing character: There is no e in font nullfont!
Missing character: There is no r in font nullfont!
Missing character: There is no y in font nullfont!
Missing character: There is no t in font nullfont!
Missing character: There is no e in font nullfont!
Missing character: There is no x in font nullfont!
Missing character: There is no t in font nullfont!
Missing character: There is no n in font nullfont!
Missing character: There is no o in font nullfont!
Missing character: There is no d in font nullfont!
Missing character: There is no e in font nullfont!
Missing character: There is no p in font nullfont!
Missing character: There is no a in font nullfont!
Missing character: There is no r in font nullfont!
Missing character: There is no t in font nullfont!
Missing character: There is no / in font nullfont!
Missing character: There is no . in font nullfont!
Missing character: There is no s in font nullfont!
Missing character: There is no t in font nullfont!
Missing character: There is no y in font nullfont!
Missing character: There is no l in font nullfont!
Missing character: There is no e in font nullfont!
Missing character: There is no = in font nullfont!
Missing character: There is no a in font nullfont!
Missing character: There is no l in font nullfont!
Missing character: There is no i in font nullfont!
Missing character: There is no g in font nullfont!
Missing character: There is no n in font nullfont!
Missing character: There is no = in font nullfont!
Missing character: There is no c in font nullfont!
Missing character: There is no e in font nullfont!
Missing character: There is no n in font nullfont!
Missing character: There is no t in font nullfont!
Missing character: There is no e in font nullfont!
Missing character: There is no r in font nullfont!
Missing character: There is no ] in font nullfont!
 [11

]
Missing character: There is no [ in font nullfont!
Missing character: There is no e in font nullfont!
Missing character: There is no v in font nullfont!
Missing character: There is no e in font nullfont!
Missing character: There is no r in font nullfont!
Missing character: There is no y in font nullfont!
Missing character: There is no t in font nullfont!
Missing character: There is no e in font nullfont!
Missing character: There is no x in font nullfont!
Missing character: There is no t in font nullfont!
Missing character: There is no n in font nullfont!
Missing character: There is no o in font nullfont!
Missing character: There is no d in font nullfont!
Missing character: There is no e in font nullfont!
Missing character: There is no p in font nullfont!
Missing character: There is no a in font nullfont!
Missing character: There is no r in font nullfont!
Missing character: There is no t in font nullfont!
Missing character: There is no / in font nullfont!
Missing character: There is no . in font nullfont!
Missing character: There is no s in font nullfont!
Missing character: There is no t in font nullfont!
Missing character: There is no y in font nullfont!
Missing character: There is no l in font nullfont!
Missing character: There is no e in font nullfont!
Missing character: There is no = in font nullfont!
Missing character: There is no a in font nullfont!
Missing character: There is no l in font nullfont!
Missing character: There is no i in font nullfont!
Missing character: There is no g in font nullfont!
Missing character: There is no n in font nullfont!
Missing character: There is no = in font nullfont!
Missing character: There is no c in font nullfont!
Missing character: There is no e in font nullfont!
Missing character: There is no n in font nullfont!
Missing character: There is no t in font nullfont!
Missing character: There is no e in font nullfont!
Missing character: There is no r in font nullfont!
Missing character: There is no ] in font nullfont!
 [12

]
Missing character: There is no [ in font nullfont!
Missing character: There is no e in font nullfont!
Missing character: There is no v in font nullfont!
Missing character: There is no e in font nullfont!
Missing character: There is no r in font nullfont!
Missing character: There is no y in font nullfont!
Missing character: There is no t in font nullfont!
Missing character: There is no e in font nullfont!
Missing character: There is no x in font nullfont!
Missing character: There is no t in font nullfont!
Missing character: There is no n in font nullfont!
Missing character: There is no o in font nullfont!
Missing character: There is no d in font nullfont!
Missing character: There is no e in font nullfont!
Missing character: There is no p in font nullfont!
Missing character: There is no a in font nullfont!
Missing character: There is no r in font nullfont!
Missing character: There is no t in font nullfont!
Missing character: There is no / in font nullfont!
Missing character: There is no . in font nullfont!
Missing character: There is no s in font nullfont!
Missing character: There is no t in font nullfont!
Missing character: There is no y in font nullfont!
Missing character: There is no l in font nullfont!
Missing character: There is no e in font nullfont!
Missing character: There is no = in font nullfont!
Missing character: There is no a in font nullfont!
Missing character: There is no l in font nullfont!
Missing character: There is no i in font nullfont!
Missing character: There is no g in font nullfont!
Missing character: There is no n in font nullfont!
Missing character: There is no = in font nullfont!
Missing character: There is no c in font nullfont!
Missing character: There is no e in font nullfont!
Missing character: There is no n in font nullfont!
Missing character: There is no t in font nullfont!
Missing character: There is no e in font nullfont!
Missing character: There is no r in font nullfont!
Missing character: There is no ] in font nullfont!

[13

]
Missing character: There is no [ in font nullfont!
Missing character: There is no e in font nullfont!
Missing character: There is no v in font nullfont!
Missing character: There is no e in font nullfont!
Missing character: There is no r in font nullfont!
Missing character: There is no y in font nullfont!
Missing character: There is no t in font nullfont!
Missing character: There is no e in font nullfont!
Missing character: There is no x in font nullfont!
Missing character: There is no t in font nullfont!
Missing character: There is no n in font nullfont!
Missing character: There is no o in font nullfont!
Missing character: There is no d in font nullfont!
Missing character: There is no e in font nullfont!
Missing character: There is no p in font nullfont!
Missing character: There is no a in font nullfont!
Missing character: There is no r in font nullfont!
Missing character: There is no t in font nullfont!
Missing character: There is no / in font nullfont!
Missing character: There is no . in font nullfont!
Missing character: There is no s in font nullfont!
Missing character: There is no t in font nullfont!
Missing character: There is no y in font nullfont!
Missing character: There is no l in font nullfont!
Missing character: There is no e in font nullfont!
Missing character: There is no = in font nullfont!
Missing character: There is no a in font nullfont!
Missing character: There is no l in font nullfont!
Missing character: There is no i in font nullfont!
Missing character: There is no g in font nullfont!
Missing character: There is no n in font nullfont!
Missing character: There is no = in font nullfont!
Missing character: There is no c in font nullfont!
Missing character: There is no e in font nullfont!
Missing character: There is no n in font nullfont!
Missing character: There is no t in font nullfont!
Missing character: There is no e in font nullfont!
Missing character: There is no r in font nullfont!
Missing character: There is no ] in font nullfont!
 [14

]
Missing character: There is no [ in font nullfont!
Missing character: There is no e in font nullfont!
Missing character: There is no v in font nullfont!
Missing character: There is no e in font nullfont!
Missing character: There is no r in font nullfont!
Missing character: There is no y in font nullfont!
Missing character: There is no t in font nullfont!
Missing character: There is no e in font nullfont!
Missing character: There is no x in font nullfont!
Missing character: There is no t in font nullfont!
Missing character: There is no n in font nullfont!
Missing character: There is no o in font nullfont!
Missing character: There is no d in font nullfont!
Missing character: There is no e in font nullfont!
Missing character: There is no p in font nullfont!
Missing character: There is no a in font nullfont!
Missing character: There is no r in font nullfont!
Missing character: There is no t in font nullfont!
Missing character: There is no / in font nullfont!
Missing character: There is no . in font nullfont!
Missing character: There is no s in font nullfont!
Missing character: There is no t in font nullfont!
Missing character: There is no y in font nullfont!
Missing character: There is no l in font nullfont!
Missing character: There is no e in font nullfont!
Missing character: There is no = in font nullfont!
Missing character: There is no a in font nullfont!
Missing character: There is no l in font nullfont!
Missing character: There is no i in font nullfont!
Missing character: There is no g in font nullfont!
Missing character: There is no n in font nullfont!
Missing character: There is no = in font nullfont!
Missing character: There is no c in font nullfont!
Missing character: There is no e in font nullfont!
Missing character: There is no n in font nullfont!
Missing character: There is no t in font nullfont!
Missing character: There is no e in font nullfont!
Missing character: There is no r in font nullfont!
Missing character: There is no ] in font nullfont!
 [15

] (./Connected Stocks - Slide.toc) [16

] [17

] [18

] [19

] [20

]
[21

] [22

] [23

] (./Example2.tex) [24

] (./marketcap.tex) [25

]
<3.png, id=1026, 722.7pt x 360.3864pt>
File: 3.png Graphic file (type png)
<use 3.png>
Package pdftex.def Info: 3.png  used on input line 499.
(pdftex.def)             Requested size: 160.8792pt x 80.22559pt.
<4.png, id=1028, 723.1818pt x 359.9046pt>
File: 4.png Graphic file (type png)
<use 4.png>
Package pdftex.def Info: 4.png  used on input line 499.
(pdftex.def)             Requested size: 160.8792pt x 80.06342pt.
 [26

 <./3.png> <./4.png>]

LaTeX Font Warning: Command \scriptsize invalid in math mode on input line 611.



LaTeX Font Warning: Command \scriptsize invalid in math mode on input line 611.



LaTeX Font Warning: Command \scriptsize invalid in math mode on input line 611.



LaTeX Font Warning: Command \scriptsize invalid in math mode on input line 611.



LaTeX Font Warning: Command \scriptsize invalid in math mode on input line 611.



LaTeX Font Warning: Command \scriptsize invalid in math mode on input line 611.


[27

]

LaTeX Font Warning: Command \scriptsize invalid in math mode on input line 611.



LaTeX Font Warning: Command \scriptsize invalid in math mode on input line 611.



LaTeX Font Warning: Command \scriptsize invalid in math mode on input line 611.



LaTeX Font Warning: Command \scriptsize invalid in math mode on input line 611.



LaTeX Font Warning: Command \scriptsize invalid in math mode on input line 611.



LaTeX Font Warning: Command \scriptsize invalid in math mode on input line 611.


[28

]

LaTeX Font Warning: Command \scriptsize invalid in math mode on input line 611.



LaTeX Font Warning: Command \scriptsize invalid in math mode on input line 611.



LaTeX Font Warning: Command \scriptsize invalid in math mode on input line 611.



LaTeX Font Warning: Command \scriptsize invalid in math mode on input line 611.



LaTeX Font Warning: Command \scriptsize invalid in math mode on input line 611.



LaTeX Font Warning: Command \scriptsize invalid in math mode on input line 611.


[29

] [30

] [31

] (./Output/summaryOfOwnership.tex) [32

]
(./Output/numberofPairs.tex) (./Output/summaryOfPairs.tex) [33

]
Package epstopdf Info: Source file: <Output/idMonth.eps>
(epstopdf)                    date: 2021-11-04 19:49:01
(epstopdf)                    size: 56789 bytes
(epstopdf)             Output file: <Output/idMonth-eps-converted-to.pdf>
(epstopdf)                    date: 2021-11-04 19:49:01
(epstopdf)                    size: 19534 bytes
(epstopdf)             Command: <repstopdf --outfile=Output/idMonth-eps-convert
ed-to.pdf Output/idMonth.eps>
(epstopdf)             \includegraphics on input line 845.
Package epstopdf Info: Output file is already uptodate.
<Output/idMonth-eps-converted-to.pdf, id=1259, 910.40125pt x 511.9125pt>
File: Output/idMonth-eps-converted-to.pdf Graphic file (type pdf)
<use Output/idMonth-eps-converted-to.pdf>
Package pdftex.def Info: Output/idMonth-eps-converted-to.pdf  used on input lin
e 845.
(pdftex.def)             Requested size: 308.06367pt x 173.21996pt.
 [34

 <./Output/idMonth-eps-converted-to.pdf>] (./Output/FCACal.tex) [35

]
Package epstopdf Info: Source file: <Output/FCAtimeSeries.eps>
(epstopdf)                    date: 2021-11-04 19:49:00
(epstopdf)                    size: 15451045 bytes
(epstopdf)             Output file: <Output/FCAtimeSeries-eps-converted-to.pdf>

(epstopdf)                    date: 2021-11-04 19:49:00
(epstopdf)                    size: 148291 bytes
(epstopdf)             Command: <repstopdf --outfile=Output/FCAtimeSeries-eps-c
onverted-to.pdf Output/FCAtimeSeries.eps>
(epstopdf)             \includegraphics on input line 872.
Package epstopdf Info: Output file is already uptodate.
<Output/FCAtimeSeries-eps-converted-to.pdf, id=1360, 578.16pt x 289.08pt>
File: Output/FCAtimeSeries-eps-converted-to.pdf Graphic file (type pdf)
<use Output/FCAtimeSeries-eps-converted-to.pdf>
Package pdftex.def Info: Output/FCAtimeSeries-eps-converted-to.pdf  used on inp
ut line 872.
(pdftex.def)             Requested size: 308.06367pt x 154.0321pt.
 [36

 <./Output/FCAtimeSeries-eps-converted-to.pdf>]
Package epstopdf Info: Source file: <Output/FCAtimeSeriesBG.eps>
(epstopdf)                    date: 2021-11-04 19:49:00
(epstopdf)                    size: 15451047 bytes
(epstopdf)             Output file: <Output/FCAtimeSeriesBG-eps-converted-to.pd
f>
(epstopdf)                    date: 2021-11-04 19:49:00
(epstopdf)                    size: 122644 bytes
(epstopdf)             Command: <repstopdf --outfile=Output/FCAtimeSeriesBG-eps
-converted-to.pdf Output/FCAtimeSeriesBG.eps>
(epstopdf)             \includegraphics on input line 890.
Package epstopdf Info: Output file is already uptodate.
<Output/FCAtimeSeriesBG-eps-converted-to.pdf, id=1392, 578.16pt x 289.08pt>
File: Output/FCAtimeSeriesBG-eps-converted-to.pdf Graphic file (type pdf)
<use Output/FCAtimeSeriesBG-eps-converted-to.pdf>
Package pdftex.def Info: Output/FCAtimeSeriesBG-eps-converted-to.pdf  used on i
nput line 890.
(pdftex.def)             Requested size: 171.14764pt x 85.5734pt.
Package epstopdf Info: Source file: <Output/FCAtimeSeriesPairType.eps>
(epstopdf)                    date: 2021-11-04 19:49:00
(epstopdf)                    size: 15451053 bytes
(epstopdf)             Output file: <Output/FCAtimeSeriesPairType-eps-converted
-to.pdf>
(epstopdf)                    date: 2021-11-04 19:49:00
(epstopdf)                    size: 305842 bytes
(epstopdf)             Command: <repstopdf --outfile=Output/FCAtimeSeriesPairTy
pe-eps-converted-to.pdf Output/FCAtimeSeriesPairType.eps>
(epstopdf)             \includegraphics on input line 890.
Package epstopdf Info: Output file is already uptodate.
<Output/FCAtimeSeriesPairType-eps-converted-to.pdf, id=1393, 578.16pt x 289.08p
t>
File: Output/FCAtimeSeriesPairType-eps-converted-to.pdf Graphic file (type pdf)

<use Output/FCAtimeSeriesPairType-eps-converted-to.pdf>
Package pdftex.def Info: Output/FCAtimeSeriesPairType-eps-converted-to.pdf  use
d on input line 890.
(pdftex.def)             Requested size: 171.14764pt x 85.5734pt.
Package epstopdf Info: Source file: <Output/FCAComparetimeSeries.eps>
(epstopdf)                    date: 2021-11-04 19:49:00
(epstopdf)                    size: 15451052 bytes
(epstopdf)             Output file: <Output/FCAComparetimeSeries-eps-converted-
to.pdf>
(epstopdf)                    date: 2021-11-04 19:49:00
(epstopdf)                    size: 223222 bytes
(epstopdf)             Command: <repstopdf --outfile=Output/FCAComparetimeSerie
s-eps-converted-to.pdf Output/FCAComparetimeSeries.eps>
(epstopdf)             \includegraphics on input line 890.
Package epstopdf Info: Output file is already uptodate.
<Output/FCAComparetimeSeries-eps-converted-to.pdf, id=1394, 578.16pt x 289.08pt
>
File: Output/FCAComparetimeSeries-eps-converted-to.pdf Graphic file (type pdf)
<use Output/FCAComparetimeSeries-eps-converted-to.pdf>
Package pdftex.def Info: Output/FCAComparetimeSeries-eps-converted-to.pdf  used
 on input line 890.
(pdftex.def)             Requested size: 171.14764pt x 85.5734pt.
 [37

 <./Output/FCAtimeSeriesBG-eps-converted-to.pdf> <./Output/FCAtimeSeriesPairTyp
e-eps-converted-to.pdf> <./Output/FCAComparetimeSeries-eps-converted-to.pdf>]
Package epstopdf Info: Source file: <Output/BGtimeSeries.eps>
(epstopdf)                    date: 2021-11-04 19:49:00
(epstopdf)                    size: 13177885 bytes
(epstopdf)             Output file: <Output/BGtimeSeries-eps-converted-to.pdf>
(epstopdf)                    date: 2021-11-04 19:49:00
(epstopdf)                    size: 78777 bytes
(epstopdf)             Command: <repstopdf --outfile=Output/BGtimeSeries-eps-co
nverted-to.pdf Output/BGtimeSeries.eps>
(epstopdf)             \includegraphics on input line 908.
Package epstopdf Info: Output file is already uptodate.
<Output/BGtimeSeries-eps-converted-to.pdf, id=1434, 578.16pt x 289.08pt>
File: Output/BGtimeSeries-eps-converted-to.pdf Graphic file (type pdf)
<use Output/BGtimeSeries-eps-converted-to.pdf>
Package pdftex.def Info: Output/BGtimeSeries-eps-converted-to.pdf  used on inpu
t line 908.
(pdftex.def)             Requested size: 171.14764pt x 85.5734pt.
Package epstopdf Info: Source file: <Output/BGMarketCaptimeSeries.eps>
(epstopdf)                    date: 2021-11-04 19:49:00
(epstopdf)                    size: 26666 bytes
(epstopdf)             Output file: <Output/BGMarketCaptimeSeries-eps-converted
-to.pdf>
(epstopdf)                    date: 2021-11-04 19:49:00
(epstopdf)                    size: 16077 bytes
(epstopdf)             Command: <repstopdf --outfile=Output/BGMarketCaptimeSeri
es-eps-converted-to.pdf Output/BGMarketCaptimeSeries.eps>
(epstopdf)             \includegraphics on input line 908.
Package epstopdf Info: Output file is already uptodate.
<Output/BGMarketCaptimeSeries-eps-converted-to.pdf, id=1435, 578.16pt x 289.08p
t>
File: Output/BGMarketCaptimeSeries-eps-converted-to.pdf Graphic file (type pdf)

<use Output/BGMarketCaptimeSeries-eps-converted-to.pdf>
Package pdftex.def Info: Output/BGMarketCaptimeSeries-eps-converted-to.pdf  use
d on input line 908.
(pdftex.def)             Requested size: 171.14764pt x 85.5734pt.
 [38

 <./Output/BGtimeSeries-eps-converted-to.pdf> <./Output/BGMarketCaptimeSeries-e
ps-converted-to.pdf>]
Package epstopdf Info: Source file: <MHistFCA.eps>
(epstopdf)                    date: 2021-10-17 19:54:12
(epstopdf)                    size: 20842 bytes
(epstopdf)             Output file: <MHistFCA-eps-converted-to.pdf>
(epstopdf)                    date: 2021-10-17 19:54:12
(epstopdf)                    size: 8510 bytes
(epstopdf)             Command: <repstopdf --outfile=MHistFCA-eps-converted-to.
pdf MHistFCA.eps>
(epstopdf)             \includegraphics on input line 938.
Package epstopdf Info: Output file is already uptodate.
<MHistFCA-eps-converted-to.pdf, id=1506, 397.485pt x 289.08pt>
File: MHistFCA-eps-converted-to.pdf Graphic file (type pdf)
<use MHistFCA-eps-converted-to.pdf>
Package pdftex.def Info: MHistFCA-eps-converted-to.pdf  used on input line 938.

(pdftex.def)             Requested size: 112.95807pt x 82.15045pt.
Package epstopdf Info: Source file: <MHistFCAP.eps>
(epstopdf)                    date: 2021-10-17 19:54:12
(epstopdf)                    size: 21407 bytes
(epstopdf)             Output file: <MHistFCAP-eps-converted-to.pdf>
(epstopdf)                    date: 2021-10-17 19:54:12
(epstopdf)                    size: 9356 bytes
(epstopdf)             Command: <repstopdf --outfile=MHistFCAP-eps-converted-to
.pdf MHistFCAP.eps>
(epstopdf)             \includegraphics on input line 938.
Package epstopdf Info: Output file is already uptodate.
<MHistFCAP-eps-converted-to.pdf, id=1507, 397.485pt x 289.08pt>
File: MHistFCAP-eps-converted-to.pdf Graphic file (type pdf)
<use MHistFCAP-eps-converted-to.pdf>
Package pdftex.def Info: MHistFCAP-eps-converted-to.pdf  used on input line 938
.
(pdftex.def)             Requested size: 112.95807pt x 82.15045pt.
Package epstopdf Info: Source file: <MHistlnFCA.eps>
(epstopdf)                    date: 2021-10-17 19:54:12
(epstopdf)                    size: 21213 bytes
(epstopdf)             Output file: <MHistlnFCA-eps-converted-to.pdf>
(epstopdf)                    date: 2021-10-17 19:54:12
(epstopdf)                    size: 9507 bytes
(epstopdf)             Command: <repstopdf --outfile=MHistlnFCA-eps-converted-t
o.pdf MHistlnFCA.eps>
(epstopdf)             \includegraphics on input line 938.
Package epstopdf Info: Output file is already uptodate.
<MHistlnFCA-eps-converted-to.pdf, id=1508, 397.485pt x 289.08pt>
File: MHistlnFCA-eps-converted-to.pdf Graphic file (type pdf)
<use MHistlnFCA-eps-converted-to.pdf>
Package pdftex.def Info: MHistlnFCA-eps-converted-to.pdf  used on input line 93
8.
(pdftex.def)             Requested size: 112.95807pt x 82.15045pt.
Package epstopdf Info: Source file: <MHistlnFCAP.eps>
(epstopdf)                    date: 2021-10-17 19:54:12
(epstopdf)                    size: 21231 bytes
(epstopdf)             Output file: <MHistlnFCAP-eps-converted-to.pdf>
(epstopdf)                    date: 2021-10-17 19:54:12
(epstopdf)                    size: 9561 bytes
(epstopdf)             Command: <repstopdf --outfile=MHistlnFCAP-eps-converted-
to.pdf MHistlnFCAP.eps>
(epstopdf)             \includegraphics on input line 938.
Package epstopdf Info: Output file is already uptodate.
<MHistlnFCAP-eps-converted-to.pdf, id=1509, 397.485pt x 289.08pt>
File: MHistlnFCAP-eps-converted-to.pdf Graphic file (type pdf)
<use MHistlnFCAP-eps-converted-to.pdf>
Package pdftex.def Info: MHistlnFCAP-eps-converted-to.pdf  used on input line 9
38.
(pdftex.def)             Requested size: 112.95807pt x 82.15045pt.
Package epstopdf Info: Source file: <MHistNFCA.eps>
(epstopdf)                    date: 2021-10-17 19:54:12
(epstopdf)                    size: 21331 bytes
(epstopdf)             Output file: <MHistNFCA-eps-converted-to.pdf>
(epstopdf)                    date: 2021-10-17 19:54:12
(epstopdf)                    size: 8160 bytes
(epstopdf)             Command: <repstopdf --outfile=MHistNFCA-eps-converted-to
.pdf MHistNFCA.eps>
(epstopdf)             \includegraphics on input line 938.
Package epstopdf Info: Output file is already uptodate.
<MHistNFCA-eps-converted-to.pdf, id=1510, 397.485pt x 289.08pt>
File: MHistNFCA-eps-converted-to.pdf Graphic file (type pdf)
<use MHistNFCA-eps-converted-to.pdf>
Package pdftex.def Info: MHistNFCA-eps-converted-to.pdf  used on input line 938
.
(pdftex.def)             Requested size: 112.95807pt x 82.15045pt.
Package epstopdf Info: Source file: <MHistNFCAP.eps>
(epstopdf)                    date: 2021-10-17 19:54:12
(epstopdf)                    size: 21334 bytes
(epstopdf)             Output file: <MHistNFCAP-eps-converted-to.pdf>
(epstopdf)                    date: 2021-10-17 19:54:12
(epstopdf)                    size: 8233 bytes
(epstopdf)             Command: <repstopdf --outfile=MHistNFCAP-eps-converted-t
o.pdf MHistNFCAP.eps>
(epstopdf)             \includegraphics on input line 938.
Package epstopdf Info: Output file is already uptodate.
<MHistNFCAP-eps-converted-to.pdf, id=1511, 397.485pt x 289.08pt>
File: MHistNFCAP-eps-converted-to.pdf Graphic file (type pdf)
<use MHistNFCAP-eps-converted-to.pdf>
Package pdftex.def Info: MHistNFCAP-eps-converted-to.pdf  used on input line 93
8.
(pdftex.def)             Requested size: 112.95807pt x 82.15045pt.
 [39

 <./MHistFCA-eps-converted-to.pdf> <./MHistFCAP-eps-converted-to.pdf> <./MHistl
nFCA-eps-converted-to.pdf> <./MHistlnFCAP-eps-converted-to.pdf> <./MHistNFCA-ep
s-converted-to.pdf> <./MHistNFCAP-eps-converted-to.pdf>]
Package epstopdf Info: Source file: <MHistFCA.eps>
(epstopdf)                    date: 2021-10-17 19:54:12
(epstopdf)                    size: 20842 bytes
(epstopdf)             Output file: <MHistFCA-eps-converted-to.pdf>
(epstopdf)                    date: 2021-10-17 19:54:12
(epstopdf)                    size: 8510 bytes
(epstopdf)             Command: <repstopdf --outfile=MHistFCA-eps-converted-to.
pdf MHistFCA.eps>
(epstopdf)             \includegraphics on input line 938.
Package epstopdf Info: Output file is already uptodate.
File: MHistFCA-eps-converted-to.pdf Graphic file (type pdf)
<use MHistFCA-eps-converted-to.pdf>
Package pdftex.def Info: MHistFCA-eps-converted-to.pdf  used on input line 938.

(pdftex.def)             Requested size: 112.95807pt x 82.15045pt.
Package epstopdf Info: Source file: <MHistFCAP.eps>
(epstopdf)                    date: 2021-10-17 19:54:12
(epstopdf)                    size: 21407 bytes
(epstopdf)             Output file: <MHistFCAP-eps-converted-to.pdf>
(epstopdf)                    date: 2021-10-17 19:54:12
(epstopdf)                    size: 9356 bytes
(epstopdf)             Command: <repstopdf --outfile=MHistFCAP-eps-converted-to
.pdf MHistFCAP.eps>
(epstopdf)             \includegraphics on input line 938.
Package epstopdf Info: Output file is already uptodate.
File: MHistFCAP-eps-converted-to.pdf Graphic file (type pdf)
<use MHistFCAP-eps-converted-to.pdf>
Package pdftex.def Info: MHistFCAP-eps-converted-to.pdf  used on input line 938
.
(pdftex.def)             Requested size: 112.95807pt x 82.15045pt.
Package epstopdf Info: Source file: <MHistlnFCA.eps>
(epstopdf)                    date: 2021-10-17 19:54:12
(epstopdf)                    size: 21213 bytes
(epstopdf)             Output file: <MHistlnFCA-eps-converted-to.pdf>
(epstopdf)                    date: 2021-10-17 19:54:12
(epstopdf)                    size: 9507 bytes
(epstopdf)             Command: <repstopdf --outfile=MHistlnFCA-eps-converted-t
o.pdf MHistlnFCA.eps>
(epstopdf)             \includegraphics on input line 938.
Package epstopdf Info: Output file is already uptodate.
File: MHistlnFCA-eps-converted-to.pdf Graphic file (type pdf)
<use MHistlnFCA-eps-converted-to.pdf>
Package pdftex.def Info: MHistlnFCA-eps-converted-to.pdf  used on input line 93
8.
(pdftex.def)             Requested size: 112.95807pt x 82.15045pt.
Package epstopdf Info: Source file: <MHistlnFCAP.eps>
(epstopdf)                    date: 2021-10-17 19:54:12
(epstopdf)                    size: 21231 bytes
(epstopdf)             Output file: <MHistlnFCAP-eps-converted-to.pdf>
(epstopdf)                    date: 2021-10-17 19:54:12
(epstopdf)                    size: 9561 bytes
(epstopdf)             Command: <repstopdf --outfile=MHistlnFCAP-eps-converted-
to.pdf MHistlnFCAP.eps>
(epstopdf)             \includegraphics on input line 938.
Package epstopdf Info: Output file is already uptodate.
File: MHistlnFCAP-eps-converted-to.pdf Graphic file (type pdf)
<use MHistlnFCAP-eps-converted-to.pdf>
Package pdftex.def Info: MHistlnFCAP-eps-converted-to.pdf  used on input line 9
38.
(pdftex.def)             Requested size: 112.95807pt x 82.15045pt.
Package epstopdf Info: Source file: <MHistNFCA.eps>
(epstopdf)                    date: 2021-10-17 19:54:12
(epstopdf)                    size: 21331 bytes
(epstopdf)             Output file: <MHistNFCA-eps-converted-to.pdf>
(epstopdf)                    date: 2021-10-17 19:54:12
(epstopdf)                    size: 8160 bytes
(epstopdf)             Command: <repstopdf --outfile=MHistNFCA-eps-converted-to
.pdf MHistNFCA.eps>
(epstopdf)             \includegraphics on input line 938.
Package epstopdf Info: Output file is already uptodate.
File: MHistNFCA-eps-converted-to.pdf Graphic file (type pdf)
<use MHistNFCA-eps-converted-to.pdf>
Package pdftex.def Info: MHistNFCA-eps-converted-to.pdf  used on input line 938
.
(pdftex.def)             Requested size: 112.95807pt x 82.15045pt.
Package epstopdf Info: Source file: <MHistNFCAP.eps>
(epstopdf)                    date: 2021-10-17 19:54:12
(epstopdf)                    size: 21334 bytes
(epstopdf)             Output file: <MHistNFCAP-eps-converted-to.pdf>
(epstopdf)                    date: 2021-10-17 19:54:12
(epstopdf)                    size: 8233 bytes
(epstopdf)             Command: <repstopdf --outfile=MHistNFCAP-eps-converted-t
o.pdf MHistNFCAP.eps>
(epstopdf)             \includegraphics on input line 938.
Package epstopdf Info: Output file is already uptodate.
File: MHistNFCAP-eps-converted-to.pdf Graphic file (type pdf)
<use MHistNFCAP-eps-converted-to.pdf>
Package pdftex.def Info: MHistNFCAP-eps-converted-to.pdf  used on input line 93
8.
(pdftex.def)             Requested size: 112.95807pt x 82.15045pt.
 [40

]
Package epstopdf Info: Source file: <MHistFCA.eps>
(epstopdf)                    date: 2021-10-17 19:54:12
(epstopdf)                    size: 20842 bytes
(epstopdf)             Output file: <MHistFCA-eps-converted-to.pdf>
(epstopdf)                    date: 2021-10-17 19:54:12
(epstopdf)                    size: 8510 bytes
(epstopdf)             Command: <repstopdf --outfile=MHistFCA-eps-converted-to.
pdf MHistFCA.eps>
(epstopdf)             \includegraphics on input line 938.
Package epstopdf Info: Output file is already uptodate.
File: MHistFCA-eps-converted-to.pdf Graphic file (type pdf)
<use MHistFCA-eps-converted-to.pdf>
Package pdftex.def Info: MHistFCA-eps-converted-to.pdf  used on input line 938.

(pdftex.def)             Requested size: 112.95807pt x 82.15045pt.
Package epstopdf Info: Source file: <MHistFCAP.eps>
(epstopdf)                    date: 2021-10-17 19:54:12
(epstopdf)                    size: 21407 bytes
(epstopdf)             Output file: <MHistFCAP-eps-converted-to.pdf>
(epstopdf)                    date: 2021-10-17 19:54:12
(epstopdf)                    size: 9356 bytes
(epstopdf)             Command: <repstopdf --outfile=MHistFCAP-eps-converted-to
.pdf MHistFCAP.eps>
(epstopdf)             \includegraphics on input line 938.
Package epstopdf Info: Output file is already uptodate.
File: MHistFCAP-eps-converted-to.pdf Graphic file (type pdf)
<use MHistFCAP-eps-converted-to.pdf>
Package pdftex.def Info: MHistFCAP-eps-converted-to.pdf  used on input line 938
.
(pdftex.def)             Requested size: 112.95807pt x 82.15045pt.
Package epstopdf Info: Source file: <MHistlnFCA.eps>
(epstopdf)                    date: 2021-10-17 19:54:12
(epstopdf)                    size: 21213 bytes
(epstopdf)             Output file: <MHistlnFCA-eps-converted-to.pdf>
(epstopdf)                    date: 2021-10-17 19:54:12
(epstopdf)                    size: 9507 bytes
(epstopdf)             Command: <repstopdf --outfile=MHistlnFCA-eps-converted-t
o.pdf MHistlnFCA.eps>
(epstopdf)             \includegraphics on input line 938.
Package epstopdf Info: Output file is already uptodate.
File: MHistlnFCA-eps-converted-to.pdf Graphic file (type pdf)
<use MHistlnFCA-eps-converted-to.pdf>
Package pdftex.def Info: MHistlnFCA-eps-converted-to.pdf  used on input line 93
8.
(pdftex.def)             Requested size: 112.95807pt x 82.15045pt.
Package epstopdf Info: Source file: <MHistlnFCAP.eps>
(epstopdf)                    date: 2021-10-17 19:54:12
(epstopdf)                    size: 21231 bytes
(epstopdf)             Output file: <MHistlnFCAP-eps-converted-to.pdf>
(epstopdf)                    date: 2021-10-17 19:54:12
(epstopdf)                    size: 9561 bytes
(epstopdf)             Command: <repstopdf --outfile=MHistlnFCAP-eps-converted-
to.pdf MHistlnFCAP.eps>
(epstopdf)             \includegraphics on input line 938.
Package epstopdf Info: Output file is already uptodate.
File: MHistlnFCAP-eps-converted-to.pdf Graphic file (type pdf)
<use MHistlnFCAP-eps-converted-to.pdf>
Package pdftex.def Info: MHistlnFCAP-eps-converted-to.pdf  used on input line 9
38.
(pdftex.def)             Requested size: 112.95807pt x 82.15045pt.
Package epstopdf Info: Source file: <MHistNFCA.eps>
(epstopdf)                    date: 2021-10-17 19:54:12
(epstopdf)                    size: 21331 bytes
(epstopdf)             Output file: <MHistNFCA-eps-converted-to.pdf>
(epstopdf)                    date: 2021-10-17 19:54:12
(epstopdf)                    size: 8160 bytes
(epstopdf)             Command: <repstopdf --outfile=MHistNFCA-eps-converted-to
.pdf MHistNFCA.eps>
(epstopdf)             \includegraphics on input line 938.
Package epstopdf Info: Output file is already uptodate.
File: MHistNFCA-eps-converted-to.pdf Graphic file (type pdf)
<use MHistNFCA-eps-converted-to.pdf>
Package pdftex.def Info: MHistNFCA-eps-converted-to.pdf  used on input line 938
.
(pdftex.def)             Requested size: 112.95807pt x 82.15045pt.
Package epstopdf Info: Source file: <MHistNFCAP.eps>
(epstopdf)                    date: 2021-10-17 19:54:12
(epstopdf)                    size: 21334 bytes
(epstopdf)             Output file: <MHistNFCAP-eps-converted-to.pdf>
(epstopdf)                    date: 2021-10-17 19:54:12
(epstopdf)                    size: 8233 bytes
(epstopdf)             Command: <repstopdf --outfile=MHistNFCAP-eps-converted-t
o.pdf MHistNFCAP.eps>
(epstopdf)             \includegraphics on input line 938.
Package epstopdf Info: Output file is already uptodate.
File: MHistNFCAP-eps-converted-to.pdf Graphic file (type pdf)
<use MHistNFCAP-eps-converted-to.pdf>
Package pdftex.def Info: MHistNFCAP-eps-converted-to.pdf  used on input line 93
8.
(pdftex.def)             Requested size: 112.95807pt x 82.15045pt.
 [41

] [42

]
(./Output/CorrelationsResultsText.tex) [43

]
Package epstopdf Info: Source file: <Output/mcorr50.eps>
(epstopdf)                    date: 2021-11-03 11:35:09
(epstopdf)                    size: 26740 bytes
(epstopdf)             Output file: <Output/mcorr50-eps-converted-to.pdf>
(epstopdf)                    date: 2021-11-04 19:49:01
(epstopdf)                    size: 23157 bytes
(epstopdf)             Command: <repstopdf --outfile=Output/mcorr50-eps-convert
ed-to.pdf Output/mcorr50.eps>
(epstopdf)             \includegraphics on input line 1028.
Package epstopdf Info: Output file is already uptodate.
<Output/mcorr50-eps-converted-to.pdf, id=1693, 397.485pt x 289.08pt>
File: Output/mcorr50-eps-converted-to.pdf Graphic file (type pdf)
<use Output/mcorr50-eps-converted-to.pdf>
Package pdftex.def Info: Output/mcorr50-eps-converted-to.pdf  used on input lin
e 1028.
(pdftex.def)             Requested size: 290.9531pt x 211.60889pt.
 [44

 <./Output/mcorr50-eps-converted-to.pdf>] [45

] (./Output/SameGroupSameIndustry.tex)
Package epstopdf Info: Source file: <Output/sameIndustryinBG.eps>
(epstopdf)                    date: 2021-11-04 19:49:01
(epstopdf)                    size: 19035 bytes
(epstopdf)             Output file: <Output/sameIndustryinBG-eps-converted-to.p
df>
(epstopdf)                    date: 2021-11-04 19:49:01
(epstopdf)                    size: 14123 bytes
(epstopdf)             Command: <repstopdf --outfile=Output/sameIndustryinBG-ep
s-converted-to.pdf Output/sameIndustryinBG.eps>
(epstopdf)             \includegraphics on input line 1062.
Package epstopdf Info: Output file is already uptodate.
<Output/sameIndustryinBG-eps-converted-to.pdf, id=1759, 383.4325pt x 248.93pt>
File: Output/sameIndustryinBG-eps-converted-to.pdf Graphic file (type pdf)
<use Output/sameIndustryinBG-eps-converted-to.pdf>
Package pdftex.def Info: Output/sameIndustryinBG-eps-converted-to.pdf  used on 
input line 1062.
(pdftex.def)             Requested size: 154.03183pt x 99.99944pt.
Package epstopdf Info: Source file: <Output/sameIndustryNoinBG.eps>
(epstopdf)                    date: 2021-11-04 19:49:01
(epstopdf)                    size: 16047 bytes
(epstopdf)             Output file: <Output/sameIndustryNoinBG-eps-converted-to
.pdf>
(epstopdf)                    date: 2021-11-04 19:49:01
(epstopdf)                    size: 12246 bytes
(epstopdf)             Command: <repstopdf --outfile=Output/sameIndustryNoinBG-
eps-converted-to.pdf Output/sameIndustryNoinBG.eps>
(epstopdf)             \includegraphics on input line 1062.
Package epstopdf Info: Output file is already uptodate.
<Output/sameIndustryNoinBG-eps-converted-to.pdf, id=1760, 401.5pt x 248.93pt>
File: Output/sameIndustryNoinBG-eps-converted-to.pdf Graphic file (type pdf)
<use Output/sameIndustryNoinBG-eps-converted-to.pdf>
Package pdftex.def Info: Output/sameIndustryNoinBG-eps-converted-to.pdf  used o
n input line 1062.
(pdftex.def)             Requested size: 154.03183pt x 95.50218pt.
 [46

 <./Output/sameIndustryinBG-eps-converted-to.pdf> <./Output/sameIndustryNoinBG-
eps-converted-to.pdf>]
Package epstopdf Info: Source file: <Output/BGSummary.eps>
(epstopdf)                    date: 2021-11-04 19:49:00
(epstopdf)                    size: 36255877 bytes
(epstopdf)             Output file: <Output/BGSummary-eps-converted-to.pdf>
(epstopdf)                    date: 2021-11-04 19:49:00
(epstopdf)                    size: 104654 bytes
(epstopdf)             Command: <repstopdf --outfile=Output/BGSummary-eps-conve
rted-to.pdf Output/BGSummary.eps>
(epstopdf)             \includegraphics on input line 1069.
Package epstopdf Info: Output file is already uptodate.
<Output/BGSummary-eps-converted-to.pdf, id=1851, 722.7pt x 722.7pt>
File: Output/BGSummary-eps-converted-to.pdf Graphic file (type pdf)
<use Output/BGSummary-eps-converted-to.pdf>
Package pdftex.def Info: Output/BGSummary-eps-converted-to.pdf  used on input l
ine 1069.
(pdftex.def)             Requested size: 205.37926pt x 205.37614pt.

[47

 <./Output/BGSummary-eps-converted-to.pdf>] (./Output/ControlsSummary.tex)
[48

] (./Connected Stocks - Slide.toc) [49

] [50

] [51

] [52

]
(./Connected Stocks - Slide.toc) [53

]
Package epstopdf Info: Source file: <Output/mcorr5bg.eps>
(epstopdf)                    date: 2021-11-04 19:49:01
(epstopdf)                    size: 40447 bytes
(epstopdf)             Output file: <Output/mcorr5bg-eps-converted-to.pdf>
(epstopdf)                    date: 2021-11-04 19:49:01
(epstopdf)                    size: 20711 bytes
(epstopdf)             Command: <repstopdf --outfile=Output/mcorr5bg-eps-conver
ted-to.pdf Output/mcorr5bg.eps>
(epstopdf)             \includegraphics on input line 1206.
Package epstopdf Info: Output file is already uptodate.
<Output/mcorr5bg-eps-converted-to.pdf, id=2082, 397.485pt x 289.08pt>
File: Output/mcorr5bg-eps-converted-to.pdf Graphic file (type pdf)
<use Output/mcorr5bg-eps-converted-to.pdf>
Package pdftex.def Info: Output/mcorr5bg-eps-converted-to.pdf  used on input li
ne 1206.
(pdftex.def)             Requested size: 171.14764pt x 124.474pt.
Package epstopdf Info: Source file: <Output/mcorr5l.eps>
(epstopdf)                    date: 2021-11-04 19:49:01
(epstopdf)                    size: 26722 bytes
(epstopdf)             Output file: <Output/mcorr5l-eps-converted-to.pdf>
(epstopdf)                    date: 2021-11-04 19:49:01
(epstopdf)                    size: 23709 bytes
(epstopdf)             Command: <repstopdf --outfile=Output/mcorr5l-eps-convert
ed-to.pdf Output/mcorr5l.eps>
(epstopdf)             \includegraphics on input line 1206.
Package epstopdf Info: Output file is already uptodate.
<Output/mcorr5l-eps-converted-to.pdf, id=2083, 397.485pt x 289.08pt>
File: Output/mcorr5l-eps-converted-to.pdf Graphic file (type pdf)
<use Output/mcorr5l-eps-converted-to.pdf>
Package pdftex.def Info: Output/mcorr5l-eps-converted-to.pdf  used on input lin
e 1206.
(pdftex.def)             Requested size: 171.14764pt x 124.474pt.
 [54

 <./Output/mcorr5bg-eps-converted-to.pdf> <./Output/mcorr5l-eps-converted-to.pd
f>] (./Model11.tex) [55

]
(./Output/mresult2-slide.tex) [56

]
Package epstopdf Info: Source file: <Output/mcorr5l.eps>
(epstopdf)                    date: 2021-11-04 19:49:01
(epstopdf)                    size: 26722 bytes
(epstopdf)             Output file: <Output/mcorr5l-eps-converted-to.pdf>
(epstopdf)                    date: 2021-11-04 19:49:01
(epstopdf)                    size: 23709 bytes
(epstopdf)             Command: <repstopdf --outfile=Output/mcorr5l-eps-convert
ed-to.pdf Output/mcorr5l.eps>
(epstopdf)             \includegraphics on input line 1255.
Package epstopdf Info: Output file is already uptodate.
File: Output/mcorr5l-eps-converted-to.pdf Graphic file (type pdf)
<use Output/mcorr5l-eps-converted-to.pdf>
Package pdftex.def Info: Output/mcorr5l-eps-converted-to.pdf  used on input lin
e 1255.
(pdftex.def)             Requested size: 171.14764pt x 124.474pt.
Package epstopdf Info: Source file: <Output/Qmcorr5lrd.eps>
(epstopdf)                    date: 2021-11-04 19:49:01
(epstopdf)                    size: 32367 bytes
(epstopdf)             Output file: <Output/Qmcorr5lrd-eps-converted-to.pdf>
(epstopdf)                    date: 2021-11-04 19:49:01
(epstopdf)                    size: 26268 bytes
(epstopdf)             Command: <repstopdf --outfile=Output/Qmcorr5lrd-eps-conv
erted-to.pdf Output/Qmcorr5lrd.eps>
(epstopdf)             \includegraphics on input line 1255.
Package epstopdf Info: Output file is already uptodate.
<Output/Qmcorr5lrd-eps-converted-to.pdf, id=2195, 397.485pt x 289.08pt>
File: Output/Qmcorr5lrd-eps-converted-to.pdf Graphic file (type pdf)
<use Output/Qmcorr5lrd-eps-converted-to.pdf>
Package pdftex.def Info: Output/Qmcorr5lrd-eps-converted-to.pdf  used on input 
line 1255.
(pdftex.def)             Requested size: 171.14764pt x 124.474pt.
 [57

 <./Output/Qmcorr5lrd-eps-converted-to.pdf>]
Package epstopdf Info: Source file: <Output/Qmcorr5subsample.eps>
(epstopdf)                    date: 2021-11-04 19:49:01
(epstopdf)                    size: 24973 bytes
(epstopdf)             Output file: <Output/Qmcorr5subsample-eps-converted-to.p
df>
(epstopdf)                    date: 2021-11-04 19:49:01
(epstopdf)                    size: 16150 bytes
(epstopdf)             Command: <repstopdf --outfile=Output/Qmcorr5subsample-ep
s-converted-to.pdf Output/Qmcorr5subsample.eps>
(epstopdf)             \includegraphics on input line 1301.
Package epstopdf Info: Output file is already uptodate.
<Output/Qmcorr5subsample-eps-converted-to.pdf, id=2235, 397.485pt x 289.08pt>
File: Output/Qmcorr5subsample-eps-converted-to.pdf Graphic file (type pdf)
<use Output/Qmcorr5subsample-eps-converted-to.pdf>
Package pdftex.def Info: Output/Qmcorr5subsample-eps-converted-to.pdf  used on 
input line 1301.
(pdftex.def)             Requested size: 171.14764pt x 124.474pt.
Package epstopdf Info: Source file: <Output/Qmcorr5lrdbgsubsample.eps>
(epstopdf)                    date: 2021-11-04 19:49:01
(epstopdf)                    size: 31146 bytes
(epstopdf)             Output file: <Output/Qmcorr5lrdbgsubsample-eps-converted
-to.pdf>
(epstopdf)                    date: 2021-11-04 19:49:01
(epstopdf)                    size: 15174 bytes
(epstopdf)             Command: <repstopdf --outfile=Output/Qmcorr5lrdbgsubsamp
le-eps-converted-to.pdf Output/Qmcorr5lrdbgsubsample.eps>
(epstopdf)             \includegraphics on input line 1301.
Package epstopdf Info: Output file is already uptodate.
<Output/Qmcorr5lrdbgsubsample-eps-converted-to.pdf, id=2236, 397.485pt x 289.08
pt>
File: Output/Qmcorr5lrdbgsubsample-eps-converted-to.pdf Graphic file (type pdf)

<use Output/Qmcorr5lrdbgsubsample-eps-converted-to.pdf>
Package pdftex.def Info: Output/Qmcorr5lrdbgsubsample-eps-converted-to.pdf  use
d on input line 1301.
(pdftex.def)             Requested size: 171.14764pt x 124.474pt.
 [58

 <./Output/Qmcorr5subsample-eps-converted-to.pdf> <./Output/Qmcorr5lrdbgsubsamp
le-eps-converted-to.pdf>]
Package epstopdf Info: Source file: <Output/QarterSummary.eps>
(epstopdf)                    date: 2021-11-04 19:49:01
(epstopdf)                    size: 53213275 bytes
(epstopdf)             Output file: <Output/QarterSummary-eps-converted-to.pdf>

(epstopdf)                    date: 2021-11-08 11:17:07
(epstopdf)                    size: 158797 bytes
(epstopdf)             Command: <repstopdf --outfile=Output/QarterSummary-eps-c
onverted-to.pdf Output/QarterSummary.eps>
(epstopdf)             \includegraphics on input line 1324.
Package epstopdf Info: Output file is already uptodate.
<Output/QarterSummary-eps-converted-to.pdf, id=2285, 1084.05pt x 722.7pt>
File: Output/QarterSummary-eps-converted-to.pdf Graphic file (type pdf)
<use Output/QarterSummary-eps-converted-to.pdf>
Package pdftex.def Info: Output/QarterSummary-eps-converted-to.pdf  used on inp
ut line 1324.
(pdftex.def)             Requested size: 308.06367pt x 205.37614pt.
 [59

 <./Output/QarterSummary-eps-converted-to.pdf>] (./Output/QTimemresult2subsampl
e-slide.tex) [60

]
(./Output/Q3mresultAllPairs.tex) [61

]
Package epstopdf Info: Source file: <Output/mcorrPairType.eps>
(epstopdf)                    date: 2021-11-04 19:49:01
(epstopdf)                    size: 36716 bytes
(epstopdf)             Output file: <Output/mcorrPairType-eps-converted-to.pdf>

(epstopdf)                    date: 2021-11-04 19:49:01
(epstopdf)                    size: 23715 bytes
(epstopdf)             Command: <repstopdf --outfile=Output/mcorrPairType-eps-c
onverted-to.pdf Output/mcorrPairType.eps>
(epstopdf)             \includegraphics on input line 1368.
Package epstopdf Info: Output file is already uptodate.
<Output/mcorrPairType-eps-converted-to.pdf, id=2377, 397.485pt x 289.08pt>
File: Output/mcorrPairType-eps-converted-to.pdf Graphic file (type pdf)
<use Output/mcorrPairType-eps-converted-to.pdf>
Package pdftex.def Info: Output/mcorrPairType-eps-converted-to.pdf  used on inp
ut line 1368.
(pdftex.def)             Requested size: 308.06367pt x 224.05232pt.

Overfull \vbox (2.98174pt too high) detected at line 1368
 []

[62

 <./Output/mcorrPairType-eps-converted-to.pdf>]
(./Output/Qmresult4-slide.tex) [63

]pdfTeX warning (ext4): destination with the same identifier (name{Monthly14}) 
has been already used, duplicate ignored
<to be read again> 
                   \relax 
l.1393 \end{frame}
                   (./Output/Qmresult4-AllPairs.tex) [64

]
(./Connected Stocks - Slide.toc) [65

]
Package epstopdf Info: Source file: <Output/GroupedSTD.eps>
(epstopdf)                    date: 2021-11-08 18:33:01
(epstopdf)                    size: 13516063 bytes
(epstopdf)             Output file: <Output/GroupedSTD-eps-converted-to.pdf>
(epstopdf)                    date: 2021-11-08 18:35:23
(epstopdf)                    size: 236165 bytes
(epstopdf)             Command: <repstopdf --outfile=Output/GroupedSTD-eps-conv
erted-to.pdf Output/GroupedSTD.eps>
(epstopdf)             \includegraphics on input line 1729.
Package epstopdf Info: Output file is already uptodate.
<Output/GroupedSTD-eps-converted-to.pdf, id=2515, 578.16pt x 289.08pt>
File: Output/GroupedSTD-eps-converted-to.pdf Graphic file (type pdf)
<use Output/GroupedSTD-eps-converted-to.pdf>
Package pdftex.def Info: Output/GroupedSTD-eps-converted-to.pdf  used on input 
line 1729.
(pdftex.def)             Requested size: 273.83728pt x 136.91742pt.
 [66

 <./Output/GroupedSTD-eps-converted-to.pdf>] (./Output/Imbalance.tex) [67

] (./Output/turnover.tex) [68

]
(./Output/Turnovercrosssection.tex) [69

] (./Output/mresult2-turnover.tex)
[70

] (./Output/mresult2-BigBusinessGroup.tex) [71

]
(./Output/mresult2Down-slide2.tex)
Overfull \vbox (0.94298pt too high) detected at line 1796
 []

[72

] (./Connected Stocks - Slide.toc) [73

] [74

] (./Connected Stocks - Slide.bbl

Package hyperref Warning: Token not allowed in a PDF string (PDFDocEncoding):
(hyperref)                removing `\translate ' on input line 1.

) [75

] [76


]

Package hyperref Warning: Token not allowed in a PDF string (PDFDocEncoding):
(hyperref)                removing `\translate ' on input line 1893.

(./Connected Stocks - Slide.toc) [77

] [78

] (./Connected Stocks - Slide.toc)
[79

] [80

] [81

]

LaTeX Font Warning: Command \footnotesize invalid in math mode on input line 20
35.

[82

] [83

] [84

] [85

]
\tf@nav=\write7
\openout7 = `"Connected Stocks - Slide.nav"'.

\tf@toc=\write8
\openout8 = `"Connected Stocks - Slide.toc"'.

\tf@snm=\write9
\openout9 = `"Connected Stocks - Slide.snm"'.

Package atveryend Info: Empty hook `BeforeClearDocument' on input line 2494.
Package atveryend Info: Empty hook `AfterLastShipout' on input line 2494.
 (./Connected Stocks - Slide.aux)
Package atveryend Info: Executing hook `AtVeryEndDocument' on input line 2494.
Package atveryend Info: Executing hook `AtEndAfterFileList' on input line 2494.

Package rerunfilecheck Info: File `"Connected Stocks - Slide".out' has not chan
ged.
(rerunfilecheck)             Checksum: 9A275B0268C6F055BF65549C6762B062;1352.


LaTeX Warning: There were multiply-defined labels.

 ) 
Here is how much of TeX's memory you used:
 26066 strings out of 480608
 518670 string characters out of 5907536
 801996 words of memory out of 5000000
 41037 multiletter control sequences out of 15000+600000
 549918 words of font info for 85 fonts, out of 8000000 for 9000
 1141 hyphenation exceptions out of 8191
 58i,21n,67p,810b,1080s stack positions out of 5000i,500n,10000p,200000b,80000s
<c:/texlive/2020/texmf-dist/fonts/type1/public/amsfonts/cm/cmex10.pfb><c:/tex
live/2020/texmf-dist/fonts/type1/public/amsfonts/cmextra/cmex7.pfb><c:/texlive/
2020/texmf-dist/fonts/type1/public/amsfonts/cmextra/cmex8.pfb><c:/texlive/2020/
texmf-dist/fonts/type1/public/amsfonts/cmextra/cmex9.pfb><c:/texlive/2020/texmf
-dist/fonts/type1/public/amsfonts/cm/cmmi10.pfb><c:/texlive/2020/texmf-dist/fon
ts/type1/public/amsfonts/cm/cmmi5.pfb><c:/texlive/2020/texmf-dist/fonts/type1/p
ublic/amsfonts/cm/cmmi6.pfb><c:/texlive/2020/texmf-dist/fonts/type1/public/amsf
onts/cm/cmmi7.pfb><c:/texlive/2020/texmf-dist/fonts/type1/public/amsfonts/cm/cm
mi8.pfb><c:/texlive/2020/texmf-dist/fonts/type1/public/amsfonts/cm/cmmi9.pfb><c
:/texlive/2020/texmf-dist/fonts/type1/public/amsfonts/cm/cmss10.pfb><c:/texlive
/2020/texmf-dist/fonts/type1/public/amsfonts/cm/cmss12.pfb><c:/texlive/2020/tex
mf-dist/fonts/type1/public/amsfonts/cm/cmss8.pfb><c:/texlive/2020/texmf-dist/fo
nts/type1/public/amsfonts/cm/cmss9.pfb><c:/texlive/2020/texmf-dist/fonts/type1/
public/amsfonts/cm/cmssbx10.pfb><c:/texlive/2020/texmf-dist/fonts/type1/public/
amsfonts/cm/cmssi10.pfb><c:/texlive/2020/texmf-dist/fonts/type1/public/amsfonts
/cm/cmssi12.pfb><c:/texlive/2020/texmf-dist/fonts/type1/public/amsfonts/cm/cmss
i8.pfb><c:/texlive/2020/texmf-dist/fonts/type1/public/amsfonts/cm/cmssi9.pfb><c
:/texlive/2020/texmf-dist/fonts/type1/public/amsfonts/cm/cmsy10.pfb><c:/texlive
/2020/texmf-dist/fonts/type1/public/amsfonts/cm/cmsy5.pfb><c:/texlive/2020/texm
f-dist/fonts/type1/public/amsfonts/cm/cmsy6.pfb><c:/texlive/2020/texmf-dist/fon
ts/type1/public/amsfonts/cm/cmsy7.pfb><c:/texlive/2020/texmf-dist/fonts/type1/p
ublic/amsfonts/cm/cmsy8.pfb>
Output written on "Connected Stocks - Slide.pdf" (85 pages, 2121287 bytes).
PDF statistics:
 3269 PDF objects out of 3580 (max. 8388607)
 2933 compressed objects within 30 object streams
 236 named destinations out of 1000 (max. 500000)
 414 words of extra memory for PDF output out of 10000 (max. 10000000)

